#
# There is insufficient memory for the Java Runtime Environment to continue.
# Native memory allocation (malloc) failed to allocate 1363840 bytes for Chunk::new
# Possible reasons:
#   The system is out of physical RAM or swap space
#   The process is running with CompressedOops enabled, and the Java Heap may be blocking the growth of the native heap
# Possible solutions:
#   Reduce memory load on the system
#   Increase physical memory or swap space
#   Check if swap backing store is full
#   Decrease Java heap size (-Xmx/-Xms)
#   Decrease number of Java threads
#   Decrease Java thread stack sizes (-Xss)
#   Set larger code cache with -XX:ReservedCodeCacheSize=
#   JVM is running with Unscaled Compressed Oops mode in which the Java heap is
#     placed in the first 4GB address space. The Java Heap base address is the
#     maximum limit for the native heap growth. Please use -XX:HeapBaseMinAddress
#     to set the Java Heap base and to place the Java Heap above 4GB virtual address.
# This output file may be truncated or incomplete.
#
#  Out of Memory Error (arena.cpp:168), pid=13712, tid=12340
#
# JRE version: Java(TM) SE Runtime Environment (21.0.5+9) (build 21.0.5+9-LTS-239)
# Java VM: Java HotSpot(TM) 64-Bit Server VM (21.0.5+9-LTS-239, mixed mode, sharing, tiered, compressed oops, compressed class ptrs, g1 gc, windows-amd64)
# No core dump will be written. Minidumps are not enabled by default on client versions of Windows
#

---------------  S U M M A R Y ------------

Command Line: C:\Users\JANARTHANAN\AppData\Local\Temp\surefire11171082848040400894\surefirebooter-20241212193052352_3.jar C:\Users\JANARTHANAN\AppData\Local\Temp\surefire11171082848040400894 2024-12-12T19-30-52_019-jvmRun1 surefire-20241212193052352_1tmp surefire_0-20241212193052352_2tmp

Host: Intel(R) Core(TM) i3-1005G1 CPU @ 1.20GHz, 4 cores, 3G,  Windows 11 , 64 bit Build 22621 (10.0.22621.4391)
Time: Thu Dec 12 19:31:14 2024 India Standard Time elapsed time: 21.210455 seconds (0d 0h 0m 21s)

---------------  T H R E A D  ---------------

Current thread (0x000002205baaa4a0):  JavaThread "C2 CompilerThread0" daemon [_thread_in_native, id=12340, stack(0x0000004a3c700000,0x0000004a3c800000) (1024K)]


Current CompileTask:
C2:  21210 12390   !   4       org.springframework.util.ReflectionUtils::doWithMethods (186 bytes)

Stack: [0x0000004a3c700000,0x0000004a3c800000]
Native frames: (J=compiled Java code, j=interpreted, Vv=VM code, C=native code)
V  [jvm.dll+0x6ca289]
V  [jvm.dll+0x854a51]
V  [jvm.dll+0x856f7e]
V  [jvm.dll+0x857653]
V  [jvm.dll+0x27dd26]
V  [jvm.dll+0xc4c2d]
V  [jvm.dll+0xc5163]
V  [jvm.dll+0x3b4d3c]
V  [jvm.dll+0x1df613]
V  [jvm.dll+0x246a62]
V  [jvm.dll+0x245eef]
V  [jvm.dll+0x1c6d0e]
V  [jvm.dll+0x2554d9]
V  [jvm.dll+0x253a6a]
V  [jvm.dll+0x3ee136]
V  [jvm.dll+0x7fee9b]
V  [jvm.dll+0x6c896d]
C  [ucrtbase.dll+0x29333]
C  [KERNEL32.DLL+0x1259d]
C  [ntdll.dll+0x5af38]


---------------  P R O C E S S  ---------------

Threads class SMR info:
_java_thread_list=0x00000220a41ba4c0, length=15, elements={
0x000002203ecdd9a0, 0x000002205ba99fa0, 0x000002205ba9aac0, 0x000002205ba9d8b0,
0x000002205baa1410, 0x000002205baa2100, 0x000002205baa2f20, 0x000002205baaa4a0,
0x000002205bab58f0, 0x00000220a107f720, 0x00000220a1082110, 0x00000220a1309a50,
0x00000220a1364f20, 0x00000220a29962c0, 0x00000220a1ed7310
}

Java Threads: ( => current thread )
  0x000002203ecdd9a0 JavaThread "main"                              [_thread_in_Java, id=19872, stack(0x0000004a3b900000,0x0000004a3ba00000) (1024K)]
  0x000002205ba99fa0 JavaThread "Reference Handler"          daemon [_thread_blocked, id=25156, stack(0x0000004a3c100000,0x0000004a3c200000) (1024K)]
  0x000002205ba9aac0 JavaThread "Finalizer"                  daemon [_thread_blocked, id=17724, stack(0x0000004a3c200000,0x0000004a3c300000) (1024K)]
  0x000002205ba9d8b0 JavaThread "Signal Dispatcher"          daemon [_thread_blocked, id=22428, stack(0x0000004a3c300000,0x0000004a3c400000) (1024K)]
  0x000002205baa1410 JavaThread "Attach Listener"            daemon [_thread_blocked, id=7816, stack(0x0000004a3c400000,0x0000004a3c500000) (1024K)]
  0x000002205baa2100 JavaThread "Service Thread"             daemon [_thread_blocked, id=23368, stack(0x0000004a3c500000,0x0000004a3c600000) (1024K)]
  0x000002205baa2f20 JavaThread "Monitor Deflation Thread"   daemon [_thread_blocked, id=18620, stack(0x0000004a3c600000,0x0000004a3c700000) (1024K)]
=>0x000002205baaa4a0 JavaThread "C2 CompilerThread0"         daemon [_thread_in_native, id=12340, stack(0x0000004a3c700000,0x0000004a3c800000) (1024K)]
  0x000002205bab58f0 JavaThread "C1 CompilerThread0"         daemon [_thread_blocked, id=3316, stack(0x0000004a3c800000,0x0000004a3c900000) (1024K)]
  0x00000220a107f720 JavaThread "Notification Thread"        daemon [_thread_blocked, id=11880, stack(0x0000004a3c900000,0x0000004a3ca00000) (1024K)]
  0x00000220a1082110 JavaThread "Common-Cleaner"             daemon [_thread_blocked, id=23820, stack(0x0000004a3ca00000,0x0000004a3cb00000) (1024K)]
  0x00000220a1309a50 JavaThread "surefire-forkedjvm-stream-flusher" daemon [_thread_blocked, id=20168, stack(0x0000004a3cb00000,0x0000004a3cc00000) (1024K)]
  0x00000220a1364f20 JavaThread "surefire-forkedjvm-command-thread" daemon [_thread_in_native, id=3532, stack(0x0000004a3cc00000,0x0000004a3cd00000) (1024K)]
  0x00000220a29962c0 JavaThread "mysql-cj-abandoned-connection-cleanup" daemon [_thread_blocked, id=14612, stack(0x0000004a3d000000,0x0000004a3d100000) (1024K)]
  0x00000220a1ed7310 JavaThread "HikariPool-1 housekeeper"   daemon [_thread_blocked, id=20940, stack(0x0000004a3d200000,0x0000004a3d300000) (1024K)]
Total: 15

Other Threads:
  0x0000022040f63f00 VMThread "VM Thread"                           [id=20008, stack(0x0000004a3c000000,0x0000004a3c100000) (1024K)]
  0x000002205ba8d960 WatcherThread "VM Periodic Task Thread"        [id=9700, stack(0x0000004a3bf00000,0x0000004a3c000000) (1024K)]
  0x0000022040edd670 WorkerThread "GC Thread#0"                     [id=14836, stack(0x0000004a3ba00000,0x0000004a3bb00000) (1024K)]
  0x00000220a17cf300 WorkerThread "GC Thread#1"                     [id=12200, stack(0x0000004a3cd00000,0x0000004a3ce00000) (1024K)]
  0x00000220a18086c0 WorkerThread "GC Thread#2"                     [id=19176, stack(0x0000004a3ce00000,0x0000004a3cf00000) (1024K)]
  0x00000220a1808a60 WorkerThread "GC Thread#3"                     [id=24908, stack(0x0000004a3cf00000,0x0000004a3d000000) (1024K)]
  0x0000022040ee67a0 ConcurrentGCThread "G1 Main Marker"            [id=25120, stack(0x0000004a3bb00000,0x0000004a3bc00000) (1024K)]
  0x0000022040ee72a0 WorkerThread "G1 Conc#0"                       [id=3540, stack(0x0000004a3bc00000,0x0000004a3bd00000) (1024K)]
  0x0000022040f41b90 ConcurrentGCThread "G1 Refine#0"               [id=23004, stack(0x0000004a3bd00000,0x0000004a3be00000) (1024K)]
  0x0000022040f42700 ConcurrentGCThread "G1 Service"                [id=25084, stack(0x0000004a3be00000,0x0000004a3bf00000) (1024K)]
Total: 10

Threads with active compile tasks:
C2 CompilerThread0    21251 12390   !   4       org.springframework.util.ReflectionUtils::doWithMethods (186 bytes)
C1 CompilerThread0    21251 12582   !   2       jdk.proxy2.$Proxy76::annotationType (29 bytes)
Total: 2

VM state: not at safepoint (normal execution)

VM Mutex/Monitor currently owned by a thread: None

Heap address: 0x00000000c3600000, size: 970 MB, Compressed Oops mode: 32-bit

CDS archive(s) mapped at: [0x000002205c000000-0x000002205cc90000-0x000002205cc90000), size 13172736, SharedBaseAddress: 0x000002205c000000, ArchiveRelocationMode: 1.
Compressed class space mapped at: 0x000002205d000000-0x000002209d000000, reserved size: 1073741824
Narrow klass base: 0x000002205c000000, Narrow klass shift: 0, Narrow klass range: 0x100000000

GC Precious Log:
 CardTable entry size: 512
 Card Set container configuration: InlinePtr #cards 5 size 8 Array Of Cards #cards 12 size 40 Howl #buckets 4 coarsen threshold 1843 Howl Bitmap #cards 512 size 80 coarsen threshold 460 Card regions per heap region 1 cards per card region 2048
 CPUs: 4 total, 4 available
 Memory: 3877M
 Large Page Support: Disabled
 NUMA Support: Disabled
 Compressed Oops: Enabled (32-bit)
 Heap Region Size: 1M
 Heap Min Capacity: 8M
 Heap Initial Capacity: 62M
 Heap Max Capacity: 970M
 Pre-touch: Disabled
 Parallel Workers: 4
 Concurrent Workers: 1
 Concurrent Refinement Workers: 4
 Periodic GC: Disabled

Heap:
 garbage-first heap   total 103424K, used 72212K [0x00000000c3600000, 0x0000000100000000)
  region size 1024K, 30 young (30720K), 6 survivors (6144K)
 Metaspace       used 81948K, committed 82752K, reserved 1179648K
  class space    used 11120K, committed 11520K, reserved 1048576K

Heap Regions: E=young(eden), S=young(survivor), O=old, HS=humongous(starts), HC=humongous(continues), CS=collection set, F=free, TAMS=top-at-mark-start, PB=parsable bottom
|   0|0x00000000c3600000, 0x00000000c3700000, 0x00000000c3700000|100%|HS|  |TAMS 0x00000000c3600000| PB 0x00000000c3600000| Complete 
|   1|0x00000000c3700000, 0x00000000c3800000, 0x00000000c3800000|100%| O|  |TAMS 0x00000000c3700000| PB 0x00000000c3700000| Untracked 
|   2|0x00000000c3800000, 0x00000000c3900000, 0x00000000c3900000|100%| O|  |TAMS 0x00000000c3800000| PB 0x00000000c3800000| Untracked 
|   3|0x00000000c3900000, 0x00000000c3a00000, 0x00000000c3a00000|100%| O|  |TAMS 0x00000000c3900000| PB 0x00000000c3900000| Untracked 
|   4|0x00000000c3a00000, 0x00000000c3b00000, 0x00000000c3b00000|100%| O|  |TAMS 0x00000000c3a00000| PB 0x00000000c3a00000| Untracked 
|   5|0x00000000c3b00000, 0x00000000c3c00000, 0x00000000c3c00000|100%| O|  |TAMS 0x00000000c3b00000| PB 0x00000000c3b00000| Untracked 
|   6|0x00000000c3c00000, 0x00000000c3d00000, 0x00000000c3d00000|100%| O|  |TAMS 0x00000000c3c00000| PB 0x00000000c3c00000| Untracked 
|   7|0x00000000c3d00000, 0x00000000c3e00000, 0x00000000c3e00000|100%| O|  |TAMS 0x00000000c3d00000| PB 0x00000000c3d00000| Untracked 
|   8|0x00000000c3e00000, 0x00000000c3f00000, 0x00000000c3f00000|100%| O|  |TAMS 0x00000000c3e00000| PB 0x00000000c3e00000| Untracked 
|   9|0x00000000c3f00000, 0x00000000c4000000, 0x00000000c4000000|100%| O|  |TAMS 0x00000000c3f00000| PB 0x00000000c3f00000| Untracked 
|  10|0x00000000c4000000, 0x00000000c4100000, 0x00000000c4100000|100%| O|  |TAMS 0x00000000c4000000| PB 0x00000000c4000000| Untracked 
|  11|0x00000000c4100000, 0x00000000c4200000, 0x00000000c4200000|100%| O|Cm|TAMS 0x00000000c4100000| PB 0x00000000c4100000| Complete 
|  12|0x00000000c4200000, 0x00000000c4300000, 0x00000000c4300000|100%| O|  |TAMS 0x00000000c4200000| PB 0x00000000c4200000| Untracked 
|  13|0x00000000c4300000, 0x00000000c4400000, 0x00000000c4400000|100%| O|  |TAMS 0x00000000c4300000| PB 0x00000000c4300000| Untracked 
|  14|0x00000000c4400000, 0x00000000c4500000, 0x00000000c4500000|100%| O|  |TAMS 0x00000000c4400000| PB 0x00000000c4400000| Untracked 
|  15|0x00000000c4500000, 0x00000000c4600000, 0x00000000c4600000|100%| O|  |TAMS 0x00000000c4500000| PB 0x00000000c4500000| Untracked 
|  16|0x00000000c4600000, 0x00000000c4700000, 0x00000000c4700000|100%| O|  |TAMS 0x00000000c4600000| PB 0x00000000c4600000| Untracked 
|  17|0x00000000c4700000, 0x00000000c4800000, 0x00000000c4800000|100%| O|  |TAMS 0x00000000c4700000| PB 0x00000000c4700000| Untracked 
|  18|0x00000000c4800000, 0x00000000c4900000, 0x00000000c4900000|100%| O|  |TAMS 0x00000000c4800000| PB 0x00000000c4800000| Untracked 
|  19|0x00000000c4900000, 0x00000000c4a00000, 0x00000000c4a00000|100%| O|  |TAMS 0x00000000c4900000| PB 0x00000000c4900000| Untracked 
|  20|0x00000000c4a00000, 0x00000000c4b00000, 0x00000000c4b00000|100%| O|  |TAMS 0x00000000c4a00000| PB 0x00000000c4a00000| Untracked 
|  21|0x00000000c4b00000, 0x00000000c4c00000, 0x00000000c4c00000|100%| O|  |TAMS 0x00000000c4b00000| PB 0x00000000c4b00000| Untracked 
|  22|0x00000000c4c00000, 0x00000000c4d00000, 0x00000000c4d00000|100%| O|  |TAMS 0x00000000c4c00000| PB 0x00000000c4c00000| Untracked 
|  23|0x00000000c4d00000, 0x00000000c4e00000, 0x00000000c4e00000|100%| O|  |TAMS 0x00000000c4d00000| PB 0x00000000c4d00000| Untracked 
|  24|0x00000000c4e00000, 0x00000000c4f00000, 0x00000000c4f00000|100%| O|  |TAMS 0x00000000c4e00000| PB 0x00000000c4e00000| Untracked 
|  25|0x00000000c4f00000, 0x00000000c5000000, 0x00000000c5000000|100%| O|  |TAMS 0x00000000c4f00000| PB 0x00000000c4f00000| Untracked 
|  26|0x00000000c5000000, 0x00000000c5100000, 0x00000000c5100000|100%| O|  |TAMS 0x00000000c5000000| PB 0x00000000c5000000| Untracked 
|  27|0x00000000c5100000, 0x00000000c5200000, 0x00000000c5200000|100%| O|  |TAMS 0x00000000c5100000| PB 0x00000000c5100000| Untracked 
|  28|0x00000000c5200000, 0x00000000c5300000, 0x00000000c5300000|100%| O|  |TAMS 0x00000000c5200000| PB 0x00000000c5200000| Untracked 
|  29|0x00000000c5300000, 0x00000000c5400000, 0x00000000c5400000|100%| O|  |TAMS 0x00000000c5300000| PB 0x00000000c5300000| Untracked 
|  30|0x00000000c5400000, 0x00000000c5500000, 0x00000000c5500000|100%| O|  |TAMS 0x00000000c5400000| PB 0x00000000c5400000| Untracked 
|  31|0x00000000c5500000, 0x00000000c5600000, 0x00000000c5600000|100%| O|  |TAMS 0x00000000c5500000| PB 0x00000000c5500000| Untracked 
|  32|0x00000000c5600000, 0x00000000c5700000, 0x00000000c5700000|100%| O|  |TAMS 0x00000000c5600000| PB 0x00000000c5600000| Untracked 
|  33|0x00000000c5700000, 0x00000000c5800000, 0x00000000c5800000|100%| O|  |TAMS 0x00000000c5700000| PB 0x00000000c5700000| Untracked 
|  34|0x00000000c5800000, 0x00000000c5900000, 0x00000000c5900000|100%| O|  |TAMS 0x00000000c5800000| PB 0x00000000c5800000| Untracked 
|  35|0x00000000c5900000, 0x00000000c5a00000, 0x00000000c5a00000|100%| O|  |TAMS 0x00000000c5900000| PB 0x00000000c5900000| Untracked 
|  36|0x00000000c5a00000, 0x00000000c5b00000, 0x00000000c5b00000|100%| O|  |TAMS 0x00000000c5a00000| PB 0x00000000c5a00000| Untracked 
|  37|0x00000000c5b00000, 0x00000000c5c00000, 0x00000000c5c00000|100%| O|  |TAMS 0x00000000c5b00000| PB 0x00000000c5b00000| Untracked 
|  38|0x00000000c5c00000, 0x00000000c5c00000, 0x00000000c5d00000|  0%| F|  |TAMS 0x00000000c5c00000| PB 0x00000000c5c00000| Untracked 
|  39|0x00000000c5d00000, 0x00000000c5e00000, 0x00000000c5e00000|100%| O|  |TAMS 0x00000000c5d00000| PB 0x00000000c5d00000| Untracked 
|  40|0x00000000c5e00000, 0x00000000c5f00000, 0x00000000c5f00000|100%| O|  |TAMS 0x00000000c5e00000| PB 0x00000000c5e00000| Untracked 
|  41|0x00000000c5f00000, 0x00000000c5fb3350, 0x00000000c6000000| 70%| O|  |TAMS 0x00000000c5f00000| PB 0x00000000c5f00000| Untracked 
|  42|0x00000000c6000000, 0x00000000c6000000, 0x00000000c6100000|  0%| F|  |TAMS 0x00000000c6000000| PB 0x00000000c6000000| Untracked 
|  43|0x00000000c6100000, 0x00000000c6100000, 0x00000000c6200000|  0%| F|  |TAMS 0x00000000c6100000| PB 0x00000000c6100000| Untracked 
|  44|0x00000000c6200000, 0x00000000c6200000, 0x00000000c6300000|  0%| F|  |TAMS 0x00000000c6200000| PB 0x00000000c6200000| Untracked 
|  45|0x00000000c6300000, 0x00000000c6300000, 0x00000000c6400000|  0%| F|  |TAMS 0x00000000c6300000| PB 0x00000000c6300000| Untracked 
|  46|0x00000000c6400000, 0x00000000c6400000, 0x00000000c6500000|  0%| F|  |TAMS 0x00000000c6400000| PB 0x00000000c6400000| Untracked 
|  47|0x00000000c6500000, 0x00000000c6500000, 0x00000000c6600000|  0%| F|  |TAMS 0x00000000c6500000| PB 0x00000000c6500000| Untracked 
|  48|0x00000000c6600000, 0x00000000c6600000, 0x00000000c6700000|  0%| F|  |TAMS 0x00000000c6600000| PB 0x00000000c6600000| Untracked 
|  49|0x00000000c6700000, 0x00000000c6700000, 0x00000000c6800000|  0%| F|  |TAMS 0x00000000c6700000| PB 0x00000000c6700000| Untracked 
|  50|0x00000000c6800000, 0x00000000c68d2058, 0x00000000c6900000| 82%| S|CS|TAMS 0x00000000c6800000| PB 0x00000000c6800000| Complete 
|  51|0x00000000c6900000, 0x00000000c6a00000, 0x00000000c6a00000|100%| S|CS|TAMS 0x00000000c6900000| PB 0x00000000c6900000| Complete 
|  52|0x00000000c6a00000, 0x00000000c6b00000, 0x00000000c6b00000|100%| S|CS|TAMS 0x00000000c6a00000| PB 0x00000000c6a00000| Complete 
|  53|0x00000000c6b00000, 0x00000000c6c00000, 0x00000000c6c00000|100%| S|CS|TAMS 0x00000000c6b00000| PB 0x00000000c6b00000| Complete 
|  54|0x00000000c6c00000, 0x00000000c6d00000, 0x00000000c6d00000|100%| S|CS|TAMS 0x00000000c6c00000| PB 0x00000000c6c00000| Complete 
|  55|0x00000000c6d00000, 0x00000000c6e00000, 0x00000000c6e00000|100%| S|CS|TAMS 0x00000000c6d00000| PB 0x00000000c6d00000| Complete 
|  56|0x00000000c6e00000, 0x00000000c6e00000, 0x00000000c6f00000|  0%| F|  |TAMS 0x00000000c6e00000| PB 0x00000000c6e00000| Untracked 
|  57|0x00000000c6f00000, 0x00000000c6f00000, 0x00000000c7000000|  0%| F|  |TAMS 0x00000000c6f00000| PB 0x00000000c6f00000| Untracked 
|  58|0x00000000c7000000, 0x00000000c7000000, 0x00000000c7100000|  0%| F|  |TAMS 0x00000000c7000000| PB 0x00000000c7000000| Untracked 
|  59|0x00000000c7100000, 0x00000000c7100000, 0x00000000c7200000|  0%| F|  |TAMS 0x00000000c7100000| PB 0x00000000c7100000| Untracked 
|  60|0x00000000c7200000, 0x00000000c7200000, 0x00000000c7300000|  0%| F|  |TAMS 0x00000000c7200000| PB 0x00000000c7200000| Untracked 
|  61|0x00000000c7300000, 0x00000000c7300000, 0x00000000c7400000|  0%| F|  |TAMS 0x00000000c7300000| PB 0x00000000c7300000| Untracked 
|  62|0x00000000c7400000, 0x00000000c7400000, 0x00000000c7500000|  0%| F|  |TAMS 0x00000000c7400000| PB 0x00000000c7400000| Untracked 
|  63|0x00000000c7500000, 0x00000000c7500000, 0x00000000c7600000|  0%| F|  |TAMS 0x00000000c7500000| PB 0x00000000c7500000| Untracked 
|  64|0x00000000c7600000, 0x00000000c7600000, 0x00000000c7700000|  0%| F|  |TAMS 0x00000000c7600000| PB 0x00000000c7600000| Untracked 
|  65|0x00000000c7700000, 0x00000000c7700000, 0x00000000c7800000|  0%| F|  |TAMS 0x00000000c7700000| PB 0x00000000c7700000| Untracked 
|  66|0x00000000c7800000, 0x00000000c7800000, 0x00000000c7900000|  0%| F|  |TAMS 0x00000000c7800000| PB 0x00000000c7800000| Untracked 
|  67|0x00000000c7900000, 0x00000000c7900000, 0x00000000c7a00000|  0%| F|  |TAMS 0x00000000c7900000| PB 0x00000000c7900000| Untracked 
|  68|0x00000000c7a00000, 0x00000000c7a00000, 0x00000000c7b00000|  0%| F|  |TAMS 0x00000000c7a00000| PB 0x00000000c7a00000| Untracked 
|  69|0x00000000c7b00000, 0x00000000c7b00000, 0x00000000c7c00000|  0%| F|  |TAMS 0x00000000c7b00000| PB 0x00000000c7b00000| Untracked 
|  70|0x00000000c7c00000, 0x00000000c7c00000, 0x00000000c7d00000|  0%| F|  |TAMS 0x00000000c7c00000| PB 0x00000000c7c00000| Untracked 
|  71|0x00000000c7d00000, 0x00000000c7d00000, 0x00000000c7e00000|  0%| F|  |TAMS 0x00000000c7d00000| PB 0x00000000c7d00000| Untracked 
|  72|0x00000000c7e00000, 0x00000000c7e00000, 0x00000000c7f00000|  0%| F|  |TAMS 0x00000000c7e00000| PB 0x00000000c7e00000| Untracked 
|  73|0x00000000c7f00000, 0x00000000c7f00000, 0x00000000c8000000|  0%| F|  |TAMS 0x00000000c7f00000| PB 0x00000000c7f00000| Untracked 
|  74|0x00000000c8000000, 0x00000000c8000000, 0x00000000c8100000|  0%| F|  |TAMS 0x00000000c8000000| PB 0x00000000c8000000| Untracked 
|  75|0x00000000c8100000, 0x00000000c8100000, 0x00000000c8200000|  0%| F|  |TAMS 0x00000000c8100000| PB 0x00000000c8100000| Untracked 
|  76|0x00000000c8200000, 0x00000000c8280800, 0x00000000c8300000| 50%| E|  |TAMS 0x00000000c8200000| PB 0x00000000c8200000| Complete 
|  77|0x00000000c8300000, 0x00000000c8400000, 0x00000000c8400000|100%| E|CS|TAMS 0x00000000c8300000| PB 0x00000000c8300000| Complete 
|  78|0x00000000c8400000, 0x00000000c8500000, 0x00000000c8500000|100%| E|CS|TAMS 0x00000000c8400000| PB 0x00000000c8400000| Complete 
|  79|0x00000000c8500000, 0x00000000c8600000, 0x00000000c8600000|100%| E|CS|TAMS 0x00000000c8500000| PB 0x00000000c8500000| Complete 
|  80|0x00000000c8600000, 0x00000000c8700000, 0x00000000c8700000|100%| E|CS|TAMS 0x00000000c8600000| PB 0x00000000c8600000| Complete 
|  81|0x00000000c8700000, 0x00000000c8800000, 0x00000000c8800000|100%| E|CS|TAMS 0x00000000c8700000| PB 0x00000000c8700000| Complete 
|  82|0x00000000c8800000, 0x00000000c8900000, 0x00000000c8900000|100%| E|CS|TAMS 0x00000000c8800000| PB 0x00000000c8800000| Complete 
|  83|0x00000000c8900000, 0x00000000c8a00000, 0x00000000c8a00000|100%| E|CS|TAMS 0x00000000c8900000| PB 0x00000000c8900000| Complete 
|  84|0x00000000c8a00000, 0x00000000c8b00000, 0x00000000c8b00000|100%| E|CS|TAMS 0x00000000c8a00000| PB 0x00000000c8a00000| Complete 
|  85|0x00000000c8b00000, 0x00000000c8c00000, 0x00000000c8c00000|100%| E|CS|TAMS 0x00000000c8b00000| PB 0x00000000c8b00000| Complete 
|  86|0x00000000c8c00000, 0x00000000c8d00000, 0x00000000c8d00000|100%| E|CS|TAMS 0x00000000c8c00000| PB 0x00000000c8c00000| Complete 
|  87|0x00000000c8d00000, 0x00000000c8e00000, 0x00000000c8e00000|100%| E|CS|TAMS 0x00000000c8d00000| PB 0x00000000c8d00000| Complete 
|  88|0x00000000c8e00000, 0x00000000c8f00000, 0x00000000c8f00000|100%| E|CS|TAMS 0x00000000c8e00000| PB 0x00000000c8e00000| Complete 
|  89|0x00000000c8f00000, 0x00000000c9000000, 0x00000000c9000000|100%| E|CS|TAMS 0x00000000c8f00000| PB 0x00000000c8f00000| Complete 
|  90|0x00000000c9000000, 0x00000000c9100000, 0x00000000c9100000|100%| E|CS|TAMS 0x00000000c9000000| PB 0x00000000c9000000| Complete 
|  91|0x00000000c9100000, 0x00000000c9200000, 0x00000000c9200000|100%| E|CS|TAMS 0x00000000c9100000| PB 0x00000000c9100000| Complete 
|  92|0x00000000c9200000, 0x00000000c9300000, 0x00000000c9300000|100%| E|CS|TAMS 0x00000000c9200000| PB 0x00000000c9200000| Complete 
|  93|0x00000000c9300000, 0x00000000c9400000, 0x00000000c9400000|100%| E|CS|TAMS 0x00000000c9300000| PB 0x00000000c9300000| Complete 
|  94|0x00000000c9400000, 0x00000000c9500000, 0x00000000c9500000|100%| E|CS|TAMS 0x00000000c9400000| PB 0x00000000c9400000| Complete 
|  95|0x00000000c9500000, 0x00000000c9600000, 0x00000000c9600000|100%| E|CS|TAMS 0x00000000c9500000| PB 0x00000000c9500000| Complete 
|  96|0x00000000c9600000, 0x00000000c9700000, 0x00000000c9700000|100%| E|CS|TAMS 0x00000000c9600000| PB 0x00000000c9600000| Complete 
|  97|0x00000000c9700000, 0x00000000c9800000, 0x00000000c9800000|100%| E|CS|TAMS 0x00000000c9700000| PB 0x00000000c9700000| Complete 
|  98|0x00000000c9800000, 0x00000000c9900000, 0x00000000c9900000|100%| E|CS|TAMS 0x00000000c9800000| PB 0x00000000c9800000| Complete 
|  99|0x00000000c9900000, 0x00000000c9a00000, 0x00000000c9a00000|100%| E|CS|TAMS 0x00000000c9900000| PB 0x00000000c9900000| Complete 
| 969|0x00000000fff00000, 0x0000000100000000, 0x0000000100000000|100%| O|  |TAMS 0x00000000fff00000| PB 0x00000000fff00000| Untracked 

Card table byte_map: [0x0000022058520000,0x0000022058710000] _byte_map_base: 0x0000022057f05000

Marking Bits: (CMBitMap*) 0x0000022040eddd70
 Bits: [0x0000022058710000, 0x0000022059638000)

Polling page: 0x000002203f030000

Metaspace:

Usage:
  Non-class:     69.18 MB used.
      Class:     10.86 MB used.
       Both:     80.04 MB used.

Virtual space:
  Non-class space:      128.00 MB reserved,      69.56 MB ( 54%) committed,  2 nodes.
      Class space:        1.00 GB reserved,      11.25 MB (  1%) committed,  1 nodes.
             Both:        1.12 GB reserved,      80.81 MB (  7%) committed. 

Chunk freelists:
   Non-Class:  9.63 MB
       Class:  4.61 MB
        Both:  14.23 MB

MaxMetaspaceSize: unlimited
CompressedClassSpaceSize: 1.00 GB
Initial GC threshold: 21.00 MB
Current GC threshold: 128.75 MB
CDS: on
 - commit_granule_bytes: 65536.
 - commit_granule_words: 8192.
 - virtual_space_node_default_size: 8388608.
 - enlarge_chunks_in_place: 1.
 - use_allocation_guard: 0.


Internal statistics:

num_allocs_failed_limit: 12.
num_arena_births: 1168.
num_arena_deaths: 2.
num_vsnodes_births: 3.
num_vsnodes_deaths: 0.
num_space_committed: 1293.
num_space_uncommitted: 0.
num_chunks_returned_to_freelist: 15.
num_chunks_taken_from_freelist: 4164.
num_chunk_merges: 12.
num_chunk_splits: 2960.
num_chunks_enlarged: 2267.
num_inconsistent_stats: 0.

CodeHeap 'non-profiled nmethods': size=120000Kb used=3703Kb max_used=3703Kb free=116296Kb
 bounds [0x0000022050e00000, 0x00000220511b0000, 0x0000022058330000]
CodeHeap 'profiled nmethods': size=120000Kb used=13890Kb max_used=13890Kb free=106110Kb
 bounds [0x0000022049330000, 0x000002204a0d0000, 0x0000022050860000]
CodeHeap 'non-nmethods': size=5760Kb used=1972Kb max_used=2025Kb free=3787Kb
 bounds [0x0000022050860000, 0x0000022050ad0000, 0x0000022050e00000]
 total_blobs=9035 nmethods=8271 adapters=667
 compilation: enabled
              stopped_count=0, restarted_count=0
 full_count=0

Compilation events (20 events):
Event: 21.182 Thread 0x000002205bab58f0 12560       3       org.springframework.beans.factory.support.AbstractAutowireCapableBeanFactory::determineTargetType (83 bytes)
Event: 21.183 Thread 0x000002205bab58f0 nmethod 12560 0x000002204a0b0890 code [0x000002204a0b0aa0, 0x000002204a0b1688]
Event: 21.183 Thread 0x000002205bab58f0 12561       2       java.lang.reflect.Constructor::hashCode (11 bytes)
Event: 21.183 Thread 0x000002205bab58f0 nmethod 12561 0x000002204a0b1910 code [0x000002204a0b1ac0, 0x000002204a0b1c20]
Event: 21.190 Thread 0x000002205bab58f0 12562       2       org.springframework.beans.TypeConverterDelegate::<init> (7 bytes)
Event: 21.190 Thread 0x000002205bab58f0 nmethod 12562 0x000002204a0b1d10 code [0x000002204a0b1ea0, 0x000002204a0b2018]
Event: 21.191 Thread 0x000002205bab58f0 12563       2       org.springframework.beans.factory.annotation.AutowiredAnnotationBeanPostProcessor$$Lambda/0x000002205d5bf7c8::<init> (20 bytes)
Event: 21.191 Thread 0x000002205bab58f0 nmethod 12563 0x000002204a0b2110 code [0x000002204a0b22a0, 0x000002204a0b24b8]
Event: 21.191 Thread 0x000002205bab58f0 12564   !   2       org.springframework.beans.factory.annotation.AutowiredAnnotationBeanPostProcessor::sortMethodElements (240 bytes)
Event: 21.193 Thread 0x000002205bab58f0 nmethod 12564 0x000002204a0b2590 code [0x000002204a0b28c0, 0x000002204a0b3418]
Event: 21.193 Thread 0x000002205bab58f0 12565       2       org.springframework.context.support.PostProcessorRegistrationDelegate$BeanPostProcessorChecker::postProcessBeforeInitialization (2 bytes)
Event: 21.193 Thread 0x000002205bab58f0 nmethod 12565 0x0000022049f9be90 code [0x0000022049f9c020, 0x0000022049f9c128]
Event: 21.199 Thread 0x000002205bab58f0 12566       2       java.lang.invoke.MethodHandles$Lookup::resolveOrNull (46 bytes)
Event: 21.200 Thread 0x000002205bab58f0 nmethod 12566 0x000002204a0b3f90 code [0x000002204a0b41a0, 0x000002204a0b4600]
Event: 21.200 Thread 0x000002205bab58f0 12568       2       java.lang.invoke.LambdaForm::create (12 bytes)
Event: 21.200 Thread 0x000002205bab58f0 nmethod 12568 0x000002204a0b4810 code [0x000002204a0b49a0, 0x000002204a0b4ab0]
Event: 21.200 Thread 0x000002205bab58f0 12569       2       java.lang.invoke.InvokerBytecodeGenerator::bogusMethod (77 bytes)
Event: 21.201 Thread 0x000002205bab58f0 nmethod 12569 0x000002204a0b4b90 code [0x000002204a0b4da0, 0x000002204a0b50d8]
Event: 21.205 Thread 0x000002205bab58f0 12570   !   2       org.springframework.core.$Proxy100::getRawType (29 bytes)
Event: 21.205 Thread 0x000002205bab58f0 nmethod 12570 0x000002204a0b5290 code [0x000002204a0b5460, 0x000002204a0b5710]

GC Heap History (20 events):
Event: 16.221 GC heap before
{Heap before GC invocations=20 (full 0):
 garbage-first heap   total 58368K, used 52097K [0x00000000c3600000, 0x0000000100000000)
  region size 1024K, 24 young (24576K), 1 survivors (1024K)
 Metaspace       used 68340K, committed 69056K, reserved 1114112K
  class space    used 9080K, committed 9408K, reserved 1048576K
}
Event: 16.226 GC heap after
{Heap after GC invocations=21 (full 0):
 garbage-first heap   total 58368K, used 30116K [0x00000000c3600000, 0x0000000100000000)
  region size 1024K, 2 young (2048K), 2 survivors (2048K)
 Metaspace       used 68340K, committed 69056K, reserved 1114112K
  class space    used 9080K, committed 9408K, reserved 1048576K
}
Event: 17.105 GC heap before
{Heap before GC invocations=21 (full 0):
 garbage-first heap   total 58368K, used 50596K [0x00000000c3600000, 0x0000000100000000)
  region size 1024K, 23 young (23552K), 2 survivors (2048K)
 Metaspace       used 71720K, committed 72384K, reserved 1114112K
  class space    used 9471K, committed 9792K, reserved 1048576K
}
Event: 17.116 GC heap after
{Heap after GC invocations=22 (full 0):
 garbage-first heap   total 58368K, used 31655K [0x00000000c3600000, 0x0000000100000000)
  region size 1024K, 3 young (3072K), 3 survivors (3072K)
 Metaspace       used 71720K, committed 72384K, reserved 1114112K
  class space    used 9471K, committed 9792K, reserved 1048576K
}
Event: 17.811 GC heap before
{Heap before GC invocations=23 (full 0):
 garbage-first heap   total 58368K, used 50087K [0x00000000c3600000, 0x0000000100000000)
  region size 1024K, 21 young (21504K), 3 survivors (3072K)
 Metaspace       used 74167K, committed 74944K, reserved 1179648K
  class space    used 9942K, committed 10304K, reserved 1048576K
}
Event: 17.821 GC heap after
{Heap after GC invocations=24 (full 0):
 garbage-first heap   total 58368K, used 33320K [0x00000000c3600000, 0x0000000100000000)
  region size 1024K, 2 young (2048K), 2 survivors (2048K)
 Metaspace       used 74167K, committed 74944K, reserved 1179648K
  class space    used 9942K, committed 10304K, reserved 1048576K
}
Event: 18.146 GC heap before
{Heap before GC invocations=24 (full 0):
 garbage-first heap   total 58368K, used 50728K [0x00000000c3600000, 0x0000000100000000)
  region size 1024K, 20 young (20480K), 2 survivors (2048K)
 Metaspace       used 75547K, committed 76288K, reserved 1179648K
  class space    used 10154K, committed 10496K, reserved 1048576K
}
Event: 18.155 GC heap after
{Heap after GC invocations=25 (full 0):
 garbage-first heap   total 70656K, used 34016K [0x00000000c3600000, 0x0000000100000000)
  region size 1024K, 3 young (3072K), 3 survivors (3072K)
 Metaspace       used 75547K, committed 76288K, reserved 1179648K
  class space    used 10154K, committed 10496K, reserved 1048576K
}
Event: 18.608 GC heap before
{Heap before GC invocations=25 (full 0):
 garbage-first heap   total 70656K, used 62688K [0x00000000c3600000, 0x0000000100000000)
  region size 1024K, 31 young (31744K), 3 survivors (3072K)
 Metaspace       used 76296K, committed 77120K, reserved 1179648K
  class space    used 10366K, committed 10752K, reserved 1048576K
}
Event: 18.617 GC heap after
{Heap after GC invocations=26 (full 0):
 garbage-first heap   total 70656K, used 34816K [0x00000000c3600000, 0x0000000100000000)
  region size 1024K, 2 young (2048K), 2 survivors (2048K)
 Metaspace       used 76296K, committed 77120K, reserved 1179648K
  class space    used 10366K, committed 10752K, reserved 1048576K
}
Event: 19.033 GC heap before
{Heap before GC invocations=27 (full 0):
 garbage-first heap   total 71680K, used 63488K [0x00000000c3600000, 0x0000000100000000)
  region size 1024K, 31 young (31744K), 2 survivors (2048K)
 Metaspace       used 77948K, committed 78720K, reserved 1179648K
  class space    used 10573K, committed 10944K, reserved 1048576K
}
Event: 19.040 GC heap after
{Heap after GC invocations=28 (full 0):
 garbage-first heap   total 71680K, used 35782K [0x00000000c3600000, 0x0000000100000000)
  region size 1024K, 3 young (3072K), 3 survivors (3072K)
 Metaspace       used 77948K, committed 78720K, reserved 1179648K
  class space    used 10573K, committed 10944K, reserved 1048576K
}
Event: 19.381 GC heap before
{Heap before GC invocations=28 (full 0):
 garbage-first heap   total 71680K, used 64454K [0x00000000c3600000, 0x0000000100000000)
  region size 1024K, 31 young (31744K), 3 survivors (3072K)
 Metaspace       used 78350K, committed 79104K, reserved 1179648K
  class space    used 10610K, committed 10944K, reserved 1048576K
}
Event: 19.397 GC heap after
{Heap after GC invocations=29 (full 0):
 garbage-first heap   total 71680K, used 37353K [0x00000000c3600000, 0x0000000100000000)
  region size 1024K, 4 young (4096K), 4 survivors (4096K)
 Metaspace       used 78350K, committed 79104K, reserved 1179648K
  class space    used 10610K, committed 10944K, reserved 1048576K
}
Event: 19.596 GC heap before
{Heap before GC invocations=29 (full 0):
 garbage-first heap   total 71680K, used 62953K [0x00000000c3600000, 0x0000000100000000)
  region size 1024K, 29 young (29696K), 4 survivors (4096K)
 Metaspace       used 78353K, committed 79104K, reserved 1179648K
  class space    used 10610K, committed 10944K, reserved 1048576K
}
Event: 19.613 GC heap after
{Heap after GC invocations=30 (full 0):
 garbage-first heap   total 72704K, used 42246K [0x00000000c3600000, 0x0000000100000000)
  region size 1024K, 4 young (4096K), 4 survivors (4096K)
 Metaspace       used 78353K, committed 79104K, reserved 1179648K
  class space    used 10610K, committed 10944K, reserved 1048576K
}
Event: 19.701 GC heap before
{Heap before GC invocations=30 (full 0):
 garbage-first heap   total 72704K, used 62726K [0x00000000c3600000, 0x0000000100000000)
  region size 1024K, 24 young (24576K), 4 survivors (4096K)
 Metaspace       used 78358K, committed 79104K, reserved 1179648K
  class space    used 10610K, committed 10944K, reserved 1048576K
}
Event: 19.714 GC heap after
{Heap after GC invocations=31 (full 0):
 garbage-first heap   total 103424K, used 45772K [0x00000000c3600000, 0x0000000100000000)
  region size 1024K, 3 young (3072K), 3 survivors (3072K)
 Metaspace       used 78358K, committed 79104K, reserved 1179648K
  class space    used 10610K, committed 10944K, reserved 1048576K
}
Event: 20.634 GC heap before
{Heap before GC invocations=32 (full 0):
 garbage-first heap   total 103424K, used 90828K [0x00000000c3600000, 0x0000000100000000)
  region size 1024K, 47 young (48128K), 3 survivors (3072K)
 Metaspace       used 80275K, committed 81152K, reserved 1179648K
  class space    used 10872K, committed 11264K, reserved 1048576K
}
Event: 20.652 GC heap after
{Heap after GC invocations=33 (full 0):
 garbage-first heap   total 103424K, used 48660K [0x00000000c3600000, 0x0000000100000000)
  region size 1024K, 6 young (6144K), 6 survivors (6144K)
 Metaspace       used 80275K, committed 81152K, reserved 1179648K
  class space    used 10872K, committed 11264K, reserved 1048576K
}

Dll operation events (14 events):
Event: 0.013 Loaded shared library C:\Program Files\Java\jdk-21\bin\java.dll
Event: 0.059 Loaded shared library C:\Program Files\Java\jdk-21\bin\jsvml.dll
Event: 0.087 Loaded shared library C:\Program Files\Java\jdk-21\bin\net.dll
Event: 0.090 Loaded shared library C:\Program Files\Java\jdk-21\bin\nio.dll
Event: 0.095 Loaded shared library C:\Program Files\Java\jdk-21\bin\zip.dll
Event: 0.167 Loaded shared library C:\Program Files\Java\jdk-21\bin\management.dll
Event: 0.176 Loaded shared library C:\Program Files\Java\jdk-21\bin\management_ext.dll
Event: 0.204 Loaded shared library C:\Program Files\Java\jdk-21\bin\jimage.dll
Event: 1.515 Loaded shared library C:\Program Files\Java\jdk-21\bin\verify.dll
Event: 2.085 Loaded shared library C:\Program Files\Java\jdk-21\bin\instrument.dll
Event: 2.089 Loaded shared library C:\Program Files\Java\jdk-21\bin\zip.dll
Event: 2.094 Loaded shared library C:\Program Files\Java\jdk-21\bin\instrument.dll
Event: 9.331 Loaded shared library C:\Program Files\Java\jdk-21\bin\sunmscapi.dll
Event: 13.456 Loaded shared library C:\Program Files\Java\jdk-21\bin\extnet.dll

Deoptimization events (20 events):
Event: 20.690 Thread 0x000002203ecdd9a0 DEOPT PACKING pc=0x00000220511513f4 sp=0x0000004a3b9f7970
Event: 20.690 Thread 0x000002203ecdd9a0 DEOPT UNPACKING pc=0x00000220508b7da2 sp=0x0000004a3b9f7900 mode 2
Event: 20.720 Thread 0x000002203ecdd9a0 DEOPT PACKING pc=0x0000022049c8bd4c sp=0x0000004a3b9f7b80
Event: 20.720 Thread 0x000002203ecdd9a0 DEOPT UNPACKING pc=0x00000220508b88e2 sp=0x0000004a3b9f7128 mode 0
Event: 20.720 Thread 0x000002203ecdd9a0 DEOPT PACKING pc=0x0000022049c8bc0c sp=0x0000004a3b9f7ee0
Event: 20.720 Thread 0x000002203ecdd9a0 DEOPT UNPACKING pc=0x00000220508b88e2 sp=0x0000004a3b9f7488 mode 0
Event: 20.720 Thread 0x000002203ecdd9a0 DEOPT PACKING pc=0x0000022049c8bc0c sp=0x0000004a3b9f8240
Event: 20.720 Thread 0x000002203ecdd9a0 DEOPT UNPACKING pc=0x00000220508b88e2 sp=0x0000004a3b9f77e8 mode 0
Event: 20.873 Thread 0x000002203ecdd9a0 Uncommon trap: trap_request=0xffffff45 fr.pc=0x0000022050e9af28 relative=0x00000000000002a8
Event: 20.873 Thread 0x000002203ecdd9a0 Uncommon trap: reason=unstable_if action=reinterpret pc=0x0000022050e9af28 method=org.springframework.beans.factory.support.AbstractAutowireCapableBeanFactory.determineTargetType(Ljava/lang/String;Lorg/springframework/beans/factory/support/RootBeanDefinit
Event: 20.873 Thread 0x000002203ecdd9a0 DEOPT PACKING pc=0x0000022050e9af28 sp=0x0000004a3b9fb260
Event: 20.873 Thread 0x000002203ecdd9a0 DEOPT UNPACKING pc=0x00000220508b7da2 sp=0x0000004a3b9fb248 mode 2
Event: 20.970 Thread 0x000002203ecdd9a0 Uncommon trap: trap_request=0xffffff45 fr.pc=0x000002205105cf68 relative=0x0000000000000e68
Event: 20.970 Thread 0x000002203ecdd9a0 Uncommon trap: reason=unstable_if action=reinterpret pc=0x000002205105cf68 method=java.io.WinNTFileSystem.resolve(Ljava/lang/String;Ljava/lang/String;)Ljava/lang/String; @ 156 c2
Event: 20.970 Thread 0x000002203ecdd9a0 DEOPT PACKING pc=0x000002205105cf68 sp=0x0000004a3b9fb400
Event: 20.970 Thread 0x000002203ecdd9a0 DEOPT UNPACKING pc=0x00000220508b7da2 sp=0x0000004a3b9fb3a8 mode 2
Event: 20.970 Thread 0x000002203ecdd9a0 Uncommon trap: trap_request=0xffffff45 fr.pc=0x0000022050eb3ba8 relative=0x00000000000002c8
Event: 20.970 Thread 0x000002203ecdd9a0 Uncommon trap: reason=unstable_if action=reinterpret pc=0x0000022050eb3ba8 method=java.io.WinNTFileSystem.prefixLength(Ljava/lang/String;)I @ 42 c2
Event: 20.970 Thread 0x000002203ecdd9a0 DEOPT PACKING pc=0x0000022050eb3ba8 sp=0x0000004a3b9fb440
Event: 20.970 Thread 0x000002203ecdd9a0 DEOPT UNPACKING pc=0x00000220508b7da2 sp=0x0000004a3b9fb3d8 mode 2

Classes loaded (20 events):
Event: 21.199 Loading class org/springframework/scheduling/concurrent/ThreadPoolTaskExecutor
Event: 21.199 Loading class org/springframework/scheduling/concurrent/ThreadPoolTaskExecutor done
Event: 21.199 Loading class org/springframework/scheduling/concurrent/ThreadPoolTaskExecutor
Event: 21.199 Loading class org/springframework/scheduling/concurrent/ThreadPoolTaskExecutor done
Event: 21.199 Loading class org/springframework/scheduling/concurrent/ThreadPoolTaskExecutor
Event: 21.199 Loading class org/springframework/scheduling/concurrent/ThreadPoolTaskExecutor done
Event: 21.200 Loading class org/springframework/scheduling/concurrent/ThreadPoolTaskExecutor
Event: 21.200 Loading class org/springframework/scheduling/concurrent/ThreadPoolTaskExecutor done
Event: 21.200 Loading class org/springframework/scheduling/concurrent/ThreadPoolTaskExecutor
Event: 21.200 Loading class org/springframework/scheduling/concurrent/ThreadPoolTaskExecutor done
Event: 21.201 Loading class org/springframework/scheduling/concurrent/ThreadPoolTaskExecutor
Event: 21.201 Loading class org/springframework/scheduling/concurrent/ThreadPoolTaskExecutor done
Event: 21.201 Loading class org/springframework/scheduling/concurrent/ThreadPoolTaskExecutor
Event: 21.201 Loading class org/springframework/scheduling/concurrent/ThreadPoolTaskExecutor done
Event: 21.201 Loading class org/springframework/core/task/TaskDecorator
Event: 21.201 Loading class org/springframework/core/task/TaskDecorator done
Event: 21.201 Loading class org/springframework/core/task/TaskDecorator
Event: 21.201 Loading class org/springframework/core/task/TaskDecorator done
Event: 21.202 Loading class org/springframework/scheduling/concurrent/ExecutorLifecycleDelegate
Event: 21.202 Loading class org/springframework/scheduling/concurrent/ExecutorLifecycleDelegate done

Classes unloaded (1 events):
Event: 9.704 Thread 0x0000022040f63f00 Unloading class 0x000002205d1b1000 'net/bytebuddy/mirror/AccessibleObject'

Classes redefined (11 events):
Event: 3.866 Thread 0x0000022040f63f00 redefined class name=com.example.schoolmanagement.service.MarkService, count=1
Event: 3.867 Thread 0x0000022040f63f00 redefined class name=java.lang.Object, count=1
Event: 6.100 Thread 0x0000022040f63f00 redefined class name=com.example.schoolmanagement.service.PermissionService, count=1
Event: 6.399 Thread 0x0000022040f63f00 redefined class name=com.example.schoolmanagement.service.RoleService, count=1
Event: 6.666 Thread 0x0000022040f63f00 redefined class name=com.example.schoolmanagement.service.SchoolService, count=1
Event: 6.879 Thread 0x0000022040f63f00 redefined class name=com.example.schoolmanagement.service.SectionService, count=1
Event: 7.079 Thread 0x0000022040f63f00 redefined class name=com.example.schoolmanagement.service.StandardService, count=1
Event: 7.291 Thread 0x0000022040f63f00 redefined class name=com.example.schoolmanagement.service.StudentService, count=1
Event: 7.511 Thread 0x0000022040f63f00 redefined class name=com.example.schoolmanagement.service.SubjectService, count=1
Event: 7.740 Thread 0x0000022040f63f00 redefined class name=com.example.schoolmanagement.service.TeacherService, count=1
Event: 7.990 Thread 0x0000022040f63f00 redefined class name=com.example.schoolmanagement.service.UserService, count=1

Internal exceptions (20 events):
Event: 16.115 Thread 0x000002203ecdd9a0 Exception <a 'java/lang/NoSuchMethodError'{0x00000000c5a10358}: 'java.lang.Object java.lang.invoke.Invokers$Holder.linkToTargetMethod(java.lang.Object, java.lang.Object, java.lang.Object, java.lang.Object, java.lang.Object, java.lang.Object, java.lang.Object, java.lang.Object, java.lang.Object, java.lang.Object, java.lang.Object, java.lang.Object)'> (0x00000000c5a10358) 
thrown [s\open\src\hotspot\share\interpreter\linkResolver.cpp, line 773]
Event: 16.186 Thread 0x000002203ecdd9a0 Exception <a 'java/lang/NoSuchMethodError'{0x00000000c59e8330}: 'java.lang.Object java.lang.invoke.DirectMethodHandle$Holder.newInvokeSpecial(java.lang.Object, java.lang.Object, int, java.lang.Object, int, java.lang.Object, java.lang.Object)'> (0x00000000c59e8330) 
thrown [s\open\src\hotspot\share\interpreter\linkResolver.cpp, line 773]
Event: 16.267 Thread 0x000002203ecdd9a0 Exception <a 'java/lang/NoSuchMethodError'{0x00000000c6c52e40}: 'void java.lang.invoke.DirectMethodHandle$Holder.invokeStatic(java.lang.Object, java.lang.Object, java.lang.Object, java.lang.Object, java.lang.Object, java.lang.Object, java.lang.Object, java.lang.Object, java.lang.Object)'> (0x00000000c6c52e40) 
thrown [s\open\src\hotspot\share\interpreter\linkResolver.cpp, line 773]
Event: 16.458 Thread 0x000002203ecdd9a0 Exception <a 'java/lang/NoSuchMethodError'{0x00000000c6acc4e8}: 'java.lang.Object java.lang.invoke.DirectMethodHandle$Holder.invokeSpecial(java.lang.Object, java.lang.Object, int, java.lang.Object, int)'> (0x00000000c6acc4e8) 
thrown [s\open\src\hotspot\share\interpreter\linkResolver.cpp, line 773]
Event: 16.666 Thread 0x000002203ecdd9a0 Exception <a 'java/lang/NoSuchMethodError'{0x00000000c68e9670}: 'void java.lang.invoke.Invokers$Holder.invokeExact_MT(java.lang.Object, java.lang.Object, java.lang.Object, java.lang.Object)'> (0x00000000c68e9670) 
thrown [s\open\src\hotspot\share\interpreter\linkResolver.cpp, line 773]
Event: 16.695 Thread 0x000002203ecdd9a0 Implicit null exception at 0x0000022050f4fbf7 to 0x0000022050f4fe60
Event: 16.791 Thread 0x000002203ecdd9a0 Exception <a 'java/lang/IncompatibleClassChangeError'{0x00000000c620e6d8}: Found class java.lang.Object, but interface was expected> (0x00000000c620e6d8) 
thrown [s\open\src\hotspot\share\interpreter\linkResolver.cpp, line 840]
Event: 16.808 Thread 0x000002203ecdd9a0 Exception <a 'java/lang/IncompatibleClassChangeError'{0x00000000c6295ab0}: Found class java.lang.Object, but interface was expected> (0x00000000c6295ab0) 
thrown [s\open\src\hotspot\share\interpreter\linkResolver.cpp, line 840]
Event: 16.865 Thread 0x000002203ecdd9a0 Exception <a 'java/lang/IncompatibleClassChangeError'{0x00000000c60b74c0}: Found class java.lang.Object, but interface was expected> (0x00000000c60b74c0) 
thrown [s\open\src\hotspot\share\interpreter\linkResolver.cpp, line 840]
Event: 17.228 Thread 0x000002203ecdd9a0 Exception <a 'java/lang/IncompatibleClassChangeError'{0x00000000c6d17a08}: Found class java.lang.Object, but interface was expected> (0x00000000c6d17a08) 
thrown [s\open\src\hotspot\share\interpreter\linkResolver.cpp, line 840]
Event: 17.423 Thread 0x000002203ecdd9a0 Exception <a 'java/lang/IncompatibleClassChangeError'{0x00000000c6a46420}: Found class java.lang.Object, but interface was expected> (0x00000000c6a46420) 
thrown [s\open\src\hotspot\share\interpreter\linkResolver.cpp, line 840]
Event: 19.112 Thread 0x000002203ecdd9a0 Exception <a 'java/lang/NoSuchMethodError'{0x00000000c78c23f8}: 'java.lang.Object java.lang.invoke.DirectMethodHandle$Holder.invokeInterface(java.lang.Object, java.lang.Object, int)'> (0x00000000c78c23f8) 
thrown [s\open\src\hotspot\share\interpreter\linkResolver.cpp, line 773]
Event: 20.208 Thread 0x000002203ecdd9a0 Exception <a 'java/lang/NoSuchMethodError'{0x00000000c7e1b860}: 'java.lang.Object java.lang.invoke.DirectMethodHandle$Holder.newInvokeSpecial(java.lang.Object, java.lang.Object, java.lang.Object, java.lang.Object, java.lang.Object, java.lang.Object, java.lang.Object, java.lang.Object)'> (0x00000000c7e1b860) 
thrown [s\open\src\hotspot\share\interpreter\linkResolver.cpp, line 773]
Event: 20.690 Thread 0x000002203ecdd9a0 Implicit null exception at 0x0000022051150f08 to 0x00000220511513d8
Event: 20.749 Thread 0x000002203ecdd9a0 Exception <a 'java/lang/IncompatibleClassChangeError'{0x00000000c97d1cc8}: Found class java.lang.Object, but interface was expected> (0x00000000c97d1cc8) 
thrown [s\open\src\hotspot\share\interpreter\linkResolver.cpp, line 840]
Event: 21.033 Thread 0x000002203ecdd9a0 Exception <a 'java/lang/NoSuchMethodError'{0x00000000c8cfd618}: 'java.lang.Object java.lang.invoke.DirectMethodHandle$Holder.invokeVirtual(java.lang.Object, java.lang.Object, java.lang.Object, java.lang.Object, java.lang.Object, java.lang.Object)'> (0x00000000c8cfd618) 
thrown [s\open\src\hotspot\share\interpreter\linkResolver.cpp, line 773]
Event: 21.055 Thread 0x000002203ecdd9a0 Exception <a 'java/lang/NoSuchMethodError'{0x00000000c8b91578}: 'void java.lang.invoke.DirectMethodHandle$Holder.invokeInterface(java.lang.Object, java.lang.Object, int)'> (0x00000000c8b91578) 
thrown [s\open\src\hotspot\share\interpreter\linkResolver.cpp, line 773]
Event: 21.066 Thread 0x000002203ecdd9a0 Exception <a 'java/lang/IncompatibleClassChangeError'{0x00000000c8bd4d80}: Found class java.lang.Object, but interface was expected> (0x00000000c8bd4d80) 
thrown [s\open\src\hotspot\share\interpreter\linkResolver.cpp, line 840]
Event: 21.069 Thread 0x000002203ecdd9a0 Exception <a 'java/lang/NoSuchMethodError'{0x00000000c8bf32e8}: 'void java.lang.invoke.DirectMethodHandle$Holder.invokeStatic(java.lang.Object, int, java.lang.Object)'> (0x00000000c8bf32e8) 
thrown [s\open\src\hotspot\share\interpreter\linkResolver.cpp, line 773]
Event: 21.200 Thread 0x000002203ecdd9a0 Exception <a 'java/lang/NoSuchMethodError'{0x00000000c85de1a8}: 'void java.lang.invoke.DirectMethodHandle$Holder.invokeVirtual(java.lang.Object, java.lang.Object, long)'> (0x00000000c85de1a8) 
thrown [s\open\src\hotspot\share\interpreter\linkResolver.cpp, line 773]

ZGC Phase Switch (0 events):
No events

VM Operations (20 events):
Event: 18.803 Executing VM operation: HandshakeAllThreads (Deoptimize)
Event: 18.803 Executing VM operation: HandshakeAllThreads (Deoptimize) done
Event: 18.854 Executing VM operation: HandshakeAllThreads (Deoptimize)
Event: 18.854 Executing VM operation: HandshakeAllThreads (Deoptimize) done
Event: 19.032 Executing VM operation: G1CollectForAllocation (G1 Evacuation Pause)
Event: 19.040 Executing VM operation: G1CollectForAllocation (G1 Evacuation Pause) done
Event: 19.381 Executing VM operation: G1CollectForAllocation (G1 Evacuation Pause)
Event: 19.397 Executing VM operation: G1CollectForAllocation (G1 Evacuation Pause) done
Event: 19.596 Executing VM operation: G1CollectForAllocation (G1 Evacuation Pause)
Event: 19.613 Executing VM operation: G1CollectForAllocation (G1 Evacuation Pause) done
Event: 19.701 Executing VM operation: G1CollectForAllocation (G1 Evacuation Pause)
Event: 19.714 Executing VM operation: G1CollectForAllocation (G1 Evacuation Pause) done
Event: 19.721 Executing VM operation: G1PauseRemark
Event: 19.729 Executing VM operation: G1PauseRemark done
Event: 19.770 Executing VM operation: G1PauseCleanup
Event: 19.770 Executing VM operation: G1PauseCleanup done
Event: 20.634 Executing VM operation: G1CollectForAllocation (G1 Evacuation Pause)
Event: 20.652 Executing VM operation: G1CollectForAllocation (G1 Evacuation Pause) done
Event: 20.719 Executing VM operation: HandshakeAllThreads (Deoptimize)
Event: 20.719 Executing VM operation: HandshakeAllThreads (Deoptimize) done

Events (20 events):
Event: 19.728 Thread 0x0000022040f63f00 flushing nmethod 0x0000022049cdb310
Event: 19.728 Thread 0x0000022040f63f00 flushing nmethod 0x0000022049cec690
Event: 19.728 Thread 0x0000022040f63f00 flushing nmethod 0x0000022049d22990
Event: 19.728 Thread 0x0000022040f63f00 flushing nmethod 0x0000022049d2c390
Event: 19.728 Thread 0x0000022040f63f00 flushing nmethod 0x0000022049d7ce10
Event: 19.728 Thread 0x0000022040f63f00 flushing nmethod 0x0000022049d7db90
Event: 19.728 Thread 0x0000022040f63f00 flushing nmethod 0x0000022049d7e110
Event: 19.728 Thread 0x0000022040f63f00 flushing nmethod 0x0000022049e59510
Event: 19.728 Thread 0x0000022040f63f00 flushing nmethod 0x0000022049e76f90
Event: 19.728 Thread 0x0000022040f63f00 flushing nmethod 0x0000022049e87d90
Event: 19.728 Thread 0x0000022040f63f00 flushing nmethod 0x0000022049ea8a90
Event: 19.728 Thread 0x0000022040f63f00 flushing nmethod 0x0000022049eb6e10
Event: 19.728 Thread 0x0000022040f63f00 flushing nmethod 0x0000022049f14d90
Event: 19.728 Thread 0x0000022040f63f00 flushing nmethod 0x0000022049f16990
Event: 19.728 Thread 0x0000022040f63f00 flushing nmethod 0x000002204a037d90
Event: 19.728 Thread 0x0000022040f63f00 flushing nmethod 0x000002204a039b10
Event: 19.728 Thread 0x0000022040f63f00 flushing nmethod 0x000002204a03b090
Event: 19.728 Thread 0x0000022040f63f00 flushing nmethod 0x000002204a03b990
Event: 19.728 Thread 0x0000022040f63f00 flushing nmethod 0x000002204a03c510
Event: 19.910 Thread 0x00000220a2462030 Thread exited: 0x00000220a2462030


Dynamic libraries:
0x00007ff616050000 - 0x00007ff616060000 	C:\Program Files\Java\jdk-21\bin\java.exe
0x00007fff1f130000 - 0x00007fff1f347000 	C:\WINDOWS\SYSTEM32\ntdll.dll
0x00007fff1ddf0000 - 0x00007fff1deb4000 	C:\WINDOWS\System32\KERNEL32.DLL
0x00007fff1c4d0000 - 0x00007fff1c889000 	C:\WINDOWS\System32\KERNELBASE.dll
0x00007fff1c890000 - 0x00007fff1c9a1000 	C:\WINDOWS\System32\ucrtbase.dll
0x00007fff0dea0000 - 0x00007fff0debb000 	C:\Program Files\Java\jdk-21\bin\VCRUNTIME140.dll
0x00007ffeeb130000 - 0x00007ffeeb149000 	C:\Program Files\Java\jdk-21\bin\jli.dll
0x00007fff1ce50000 - 0x00007fff1cf02000 	C:\WINDOWS\System32\ADVAPI32.dll
0x00007fff1e040000 - 0x00007fff1e0e7000 	C:\WINDOWS\System32\msvcrt.dll
0x00007fff1db90000 - 0x00007fff1dc37000 	C:\WINDOWS\System32\sechost.dll
0x00007fff1ce20000 - 0x00007fff1ce48000 	C:\WINDOWS\System32\bcrypt.dll
0x00007fff1d700000 - 0x00007fff1d814000 	C:\WINDOWS\System32\RPCRT4.dll
0x00007fff1dc40000 - 0x00007fff1ddee000 	C:\WINDOWS\System32\USER32.dll
0x00007fff1c9b0000 - 0x00007fff1c9d6000 	C:\WINDOWS\System32\win32u.dll
0x00007fff1f040000 - 0x00007fff1f069000 	C:\WINDOWS\System32\GDI32.dll
0x00007fff1cbc0000 - 0x00007fff1ccdb000 	C:\WINDOWS\System32\gdi32full.dll
0x00007fff1c430000 - 0x00007fff1c4ca000 	C:\WINDOWS\System32\msvcp_win.dll
0x00007ffef2a00000 - 0x00007ffef2c92000 	C:\WINDOWS\WinSxS\amd64_microsoft.windows.common-controls_6595b64144ccf1df_6.0.22621.4391_none_2715d37f73803e96\COMCTL32.dll
0x00007fff12200000 - 0x00007fff1220a000 	C:\WINDOWS\SYSTEM32\VERSION.dll
0x00007fff1d470000 - 0x00007fff1d4a1000 	C:\WINDOWS\System32\IMM32.DLL
0x00007fff127b0000 - 0x00007fff127bc000 	C:\Program Files\Java\jdk-21\bin\vcruntime140_1.dll
0x00007ffebdc70000 - 0x00007ffebdcfe000 	C:\Program Files\Java\jdk-21\bin\msvcp140.dll
0x00007ffe786e0000 - 0x00007ffe793f8000 	C:\Program Files\Java\jdk-21\bin\server\jvm.dll
0x00007fff1cf10000 - 0x00007fff1cf81000 	C:\WINDOWS\System32\WS2_32.dll
0x00007fff1c300000 - 0x00007fff1c34d000 	C:\WINDOWS\SYSTEM32\POWRPROF.dll
0x00007fff135a0000 - 0x00007fff135d4000 	C:\WINDOWS\SYSTEM32\WINMM.dll
0x00007fff1c2e0000 - 0x00007fff1c2f3000 	C:\WINDOWS\SYSTEM32\UMPDC.dll
0x00007fff1b470000 - 0x00007fff1b488000 	C:\WINDOWS\SYSTEM32\kernel.appcore.dll
0x00007fff115a0000 - 0x00007fff115aa000 	C:\Program Files\Java\jdk-21\bin\jimage.dll
0x00007fff15fc0000 - 0x00007fff161f2000 	C:\WINDOWS\SYSTEM32\DBGHELP.DLL
0x00007fff1eb20000 - 0x00007fff1eeaf000 	C:\WINDOWS\System32\combase.dll
0x00007fff1d4b0000 - 0x00007fff1d587000 	C:\WINDOWS\System32\OLEAUT32.dll
0x00007fff125f0000 - 0x00007fff12622000 	C:\WINDOWS\SYSTEM32\dbgcore.DLL
0x00007fff1cce0000 - 0x00007fff1cd5b000 	C:\WINDOWS\System32\bcryptPrimitives.dll
0x00007ffeeb110000 - 0x00007ffeeb12f000 	C:\Program Files\Java\jdk-21\bin\java.dll
0x00007fff1e0f0000 - 0x00007fff1e966000 	C:\WINDOWS\System32\SHELL32.dll
0x00007fff1a370000 - 0x00007fff1ac73000 	C:\WINDOWS\SYSTEM32\windows.storage.dll
0x00007fff1a230000 - 0x00007fff1a36f000 	C:\WINDOWS\SYSTEM32\wintypes.dll
0x00007fff1eeb0000 - 0x00007fff1efa9000 	C:\WINDOWS\System32\SHCORE.dll
0x00007fff1efe0000 - 0x00007fff1f03e000 	C:\WINDOWS\System32\shlwapi.dll
0x00007fff1c360000 - 0x00007fff1c38b000 	C:\WINDOWS\SYSTEM32\profapi.dll
0x00007ffeb13b0000 - 0x00007ffeb1487000 	C:\Program Files\Java\jdk-21\bin\jsvml.dll
0x00007ffeeb100000 - 0x00007ffeeb110000 	C:\Program Files\Java\jdk-21\bin\net.dll
0x00007fff12d40000 - 0x00007fff12e76000 	C:\WINDOWS\SYSTEM32\WINHTTP.dll
0x00007fff1b8f0000 - 0x00007fff1b959000 	C:\WINDOWS\system32\mswsock.dll
0x00007ffee3800000 - 0x00007ffee3816000 	C:\Program Files\Java\jdk-21\bin\nio.dll
0x00007ffee37e0000 - 0x00007ffee37f8000 	C:\Program Files\Java\jdk-21\bin\zip.dll
0x00007ffee8160000 - 0x00007ffee816a000 	C:\Program Files\Java\jdk-21\bin\management.dll
0x00007ffee7ad0000 - 0x00007ffee7adb000 	C:\Program Files\Java\jdk-21\bin\management_ext.dll
0x00007fff1efb0000 - 0x00007fff1efb8000 	C:\WINDOWS\System32\PSAPI.DLL
0x00007ffeeb0b0000 - 0x00007ffeeb0c0000 	C:\Program Files\Java\jdk-21\bin\verify.dll
0x00007fff12830000 - 0x00007fff1283f000 	C:\Program Files\Java\jdk-21\bin\instrument.dll
0x00007fff1bb40000 - 0x00007fff1bb5b000 	C:\WINDOWS\SYSTEM32\CRYPTSP.dll
0x00007fff1b3d0000 - 0x00007fff1b405000 	C:\WINDOWS\system32\rsaenh.dll
0x00007fff1b9e0000 - 0x00007fff1ba08000 	C:\WINDOWS\SYSTEM32\USERENV.dll
0x00007fff1bb60000 - 0x00007fff1bb6c000 	C:\WINDOWS\SYSTEM32\CRYPTBASE.dll
0x00007fff1af20000 - 0x00007fff1af4d000 	C:\WINDOWS\SYSTEM32\IPHLPAPI.DLL
0x00007fff1d9b0000 - 0x00007fff1d9b9000 	C:\WINDOWS\System32\NSI.dll
0x00007ffee5800000 - 0x00007ffee580e000 	C:\Program Files\Java\jdk-21\bin\sunmscapi.dll
0x00007fff1ca50000 - 0x00007fff1cbb6000 	C:\WINDOWS\System32\CRYPT32.dll
0x00007fff1bce0000 - 0x00007fff1bd0d000 	C:\WINDOWS\SYSTEM32\ncrypt.dll
0x00007fff1bca0000 - 0x00007fff1bcd7000 	C:\WINDOWS\SYSTEM32\NTASN1.dll
0x00007fff1af50000 - 0x00007fff1b052000 	C:\WINDOWS\SYSTEM32\DNSAPI.dll
0x00007fff03120000 - 0x00007fff0312a000 	C:\Windows\System32\rasadhlp.dll
0x00007fff120f0000 - 0x00007fff12173000 	C:\WINDOWS\System32\fwpuclnt.dll
0x00007ffee5950000 - 0x00007ffee5959000 	C:\Program Files\Java\jdk-21\bin\extnet.dll

dbghelp: loaded successfully - version: 4.0.5 - missing functions: none
symbol engine: initialized successfully - sym options: 0x614 - pdb path: .;C:\Program Files\Java\jdk-21\bin;C:\WINDOWS\SYSTEM32;C:\WINDOWS\WinSxS\amd64_microsoft.windows.common-controls_6595b64144ccf1df_6.0.22621.4391_none_2715d37f73803e96;C:\Program Files\Java\jdk-21\bin\server

VM Arguments:
java_command: C:\Users\JANARTHANAN\AppData\Local\Temp\surefire11171082848040400894\surefirebooter-20241212193052352_3.jar C:\Users\JANARTHANAN\AppData\Local\Temp\surefire11171082848040400894 2024-12-12T19-30-52_019-jvmRun1 surefire-20241212193052352_1tmp surefire_0-20241212193052352_2tmp
java_class_path (initial): C:\Users\JANARTHANAN\AppData\Local\Temp\surefire11171082848040400894\surefirebooter-20241212193052352_3.jar
Launcher Type: SUN_STANDARD

[Global flags]
     intx CICompilerCount                          = 3                                         {product} {ergonomic}
     uint ConcGCThreads                            = 1                                         {product} {ergonomic}
     uint G1ConcRefinementThreads                  = 4                                         {product} {ergonomic}
   size_t G1HeapRegionSize                         = 1048576                                   {product} {ergonomic}
    uintx GCDrainStackTargetSize                   = 64                                        {product} {ergonomic}
   size_t InitialHeapSize                          = 65011712                                  {product} {ergonomic}
   size_t MarkStackSize                            = 4194304                                   {product} {ergonomic}
   size_t MaxHeapSize                              = 1017118720                                {product} {ergonomic}
   size_t MaxNewSize                               = 610271232                                 {product} {ergonomic}
   size_t MinHeapDeltaBytes                        = 1048576                                   {product} {ergonomic}
   size_t MinHeapSize                              = 8388608                                   {product} {ergonomic}
    uintx NonNMethodCodeHeapSize                   = 5832780                                {pd product} {ergonomic}
    uintx NonProfiledCodeHeapSize                  = 122912730                              {pd product} {ergonomic}
    uintx ProfiledCodeHeapSize                     = 122912730                              {pd product} {ergonomic}
    uintx ReservedCodeCacheSize                    = 251658240                              {pd product} {ergonomic}
     bool SegmentedCodeCache                       = true                                      {product} {ergonomic}
   size_t SoftMaxHeapSize                          = 1017118720                             {manageable} {ergonomic}
     bool UseCompressedOops                        = true                           {product lp64_product} {ergonomic}
     bool UseG1GC                                  = true                                      {product} {ergonomic}
     bool UseLargePagesIndividualAllocation        = false                                  {pd product} {ergonomic}

Logging:
Log output configuration:
 #0: stdout all=warning uptime,level,tags foldmultilines=false
 #1: stderr all=off uptime,level,tags foldmultilines=false

Environment Variables:
JAVA_HOME=C:\Program Files\Java\jdk-21
PATH=D:\oracle\product\10.2.0\db_3\bin;F:\oracle\product\10.2.0\db_1\bin;C:\Program Files\Common Files\Oracle\Java\javapath;C:\WINDOWS\system32;C:\WINDOWS;C:\WINDOWS\System32\Wbem;C:\WINDOWS\System32\WindowsPowerShell\v1.0\;C:\WINDOWS\System32\OpenSSH\;C:\Program Files\Microsoft SQL Server\Client SDK\ODBC\170\Tools\Binn\;C:\Program Files (x86)\Microsoft SQL Server\150\Tools\Binn\;C:\Program Files\Microsoft SQL Server\150\Tools\Binn\;C:\Program Files\Microsoft SQL Server\150\DTS\Binn\;E:\React\;C:\Program Files\Git\cmd;F:\Internship\springboot\Test\apache-maven-3.9.9\bin;C:\Program Files\Java\jdk-21\bin;C:\Program Files\Java\jdk-21;C:\Users\JANARTHANAN\AppData\Local\Microsoft\WindowsApps;C:\Program Files\Java\jdk-21\BIN;C:\Users\JANARTHANAN\AppData\Local\Programs\Microsoft VS Code\bin;E:\python project\PyCharm Community Edition 2022.2.4\bin;;C:\Users\JANARTHANAN\Downloads\apache-maven-3.9.4\bin;C:\Users\JANARTHANAN\AppData\Roaming\npm
USERNAME=JANARTHANAN
OS=Windows_NT
PROCESSOR_IDENTIFIER=Intel64 Family 6 Model 126 Stepping 5, GenuineIntel
TMP=C:\Users\JANART~1\AppData\Local\Temp
TEMP=C:\Users\JANART~1\AppData\Local\Temp




Periodic native trim disabled

---------------  S Y S T E M  ---------------

OS:
 Windows 11 , 64 bit Build 22621 (10.0.22621.4391)
OS uptime: 28 days 1:46 hours

CPU: total 4 (initial active 4) (2 cores per cpu, 2 threads per core) family 6 model 126 stepping 5 microcode 0xa6, cx8, cmov, fxsr, ht, mmx, 3dnowpref, sse, sse2, sse3, ssse3, sse4.1, sse4.2, popcnt, lzcnt, tsc, tscinvbit, avx, avx2, aes, erms, clmul, bmi1, bmi2, adx, avx512f, avx512dq, avx512cd, avx512bw, avx512vl, sha, fma, vzeroupper, avx512_vpopcntdq, avx512_vpclmulqdq, avx512_vaes, avx512_vnni, clflush, clflushopt, avx512_vbmi2, avx512_vbmi, rdtscp, rdpid, fsrm, gfni, avx512_bitalg, f16c, pku, avx512_ifma
Processor Information for all 4 processors :
  Max Mhz: 1190, Current Mhz: 1190, Mhz Limit: 1190

Memory: 4k page, system-wide physical 3877M (228M free)
TotalPageFile size 15653M (AvailPageFile size 7M)
current process WorkingSet (physical memory assigned to process): 308M, peak: 310M
current process commit charge ("private bytes"): 342M, peak: 344M

vm_info: Java HotSpot(TM) 64-Bit Server VM (21.0.5+9-LTS-239) for windows-amd64 JRE (21.0.5+9-LTS-239), built on 2024-09-30T05:17:38Z by "mach5one" with MS VC++ 17.6 (VS2022)

END.
