#
# There is insufficient memory for the Java Runtime Environment to continue.
# Native memory allocation (malloc) failed to allocate 66816 bytes for Chunk::new
# Possible reasons:
#   The system is out of physical RAM or swap space
#   The process is running with CompressedOops enabled, and the Java Heap may be blocking the growth of the native heap
# Possible solutions:
#   Reduce memory load on the system
#   Increase physical memory or swap space
#   Check if swap backing store is full
#   Decrease Java heap size (-Xmx/-Xms)
#   Decrease number of Java threads
#   Decrease Java thread stack sizes (-Xss)
#   Set larger code cache with -XX:ReservedCodeCacheSize=
#   JVM is running with Unscaled Compressed Oops mode in which the Java heap is
#     placed in the first 4GB address space. The Java Heap base address is the
#     maximum limit for the native heap growth. Please use -XX:HeapBaseMinAddress
#     to set the Java Heap base and to place the Java Heap above 4GB virtual address.
# This output file may be truncated or incomplete.
#
#  Out of Memory Error (arena.cpp:168), pid=15640, tid=12360
#
# JRE version: Java(TM) SE Runtime Environment (21.0.5+9) (build 21.0.5+9-LTS-239)
# Java VM: Java HotSpot(TM) 64-Bit Server VM (21.0.5+9-LTS-239, mixed mode, sharing, tiered, compressed oops, compressed class ptrs, g1 gc, windows-amd64)
# No core dump will be written. Minidumps are not enabled by default on client versions of Windows
#

---------------  S U M M A R Y ------------

Command Line: C:\Users\JANARTHANAN\AppData\Local\Temp\surefire17056707489514459396\surefirebooter-20241212192809222_3.jar C:\Users\JANARTHANAN\AppData\Local\Temp\surefire17056707489514459396 2024-12-12T19-28-08_764-jvmRun1 surefire-20241212192809222_1tmp surefire_0-20241212192809222_2tmp

Host: Intel(R) Core(TM) i3-1005G1 CPU @ 1.20GHz, 4 cores, 3G,  Windows 11 , 64 bit Build 22621 (10.0.22621.4391)
Time: Thu Dec 12 19:28:10 2024 India Standard Time elapsed time: 0.721510 seconds (0d 0h 0m 0s)

---------------  T H R E A D  ---------------

Current thread (0x0000022d7ad84aa0):  JavaThread "C2 CompilerThread0" daemon [_thread_in_native, id=12360, stack(0x000000785d100000,0x000000785d200000) (1024K)]


Current CompileTask:
C2:    721  755       4       java.lang.StringLatin1::replace (198 bytes)

Stack: [0x000000785d100000,0x000000785d200000]
Native frames: (J=compiled Java code, j=interpreted, Vv=VM code, C=native code)
V  [jvm.dll+0x6ca289]
V  [jvm.dll+0x854a51]
V  [jvm.dll+0x856f7e]
V  [jvm.dll+0x857653]
V  [jvm.dll+0x27dd26]
V  [jvm.dll+0xc4c2d]
V  [jvm.dll+0xc5163]
V  [jvm.dll+0x2f0ccd]
V  [jvm.dll+0x5f4ffa]
V  [jvm.dll+0x24f882]
V  [jvm.dll+0x248446]
V  [jvm.dll+0x245de4]
V  [jvm.dll+0x1c6d0e]
V  [jvm.dll+0x2554d9]
V  [jvm.dll+0x253a6a]
V  [jvm.dll+0x3ee136]
V  [jvm.dll+0x7fee9b]
V  [jvm.dll+0x6c896d]
C  [ucrtbase.dll+0x29333]
C  [KERNEL32.DLL+0x1259d]
C  [ntdll.dll+0x5af38]


---------------  P R O C E S S  ---------------

Threads class SMR info:
_java_thread_list=0x0000022d7f1c3f90, length=13, elements={
0x0000022d6d02d9a0, 0x0000022d7ad6c340, 0x0000022d7ad6d340, 0x0000022d7ad6fa70,
0x0000022d7ad76770, 0x0000022d7ad75a50, 0x0000022d7ad76e00, 0x0000022d7ad84aa0,
0x0000022d7adb1660, 0x0000022d7ad73980, 0x0000022d7ad74010, 0x0000022d7ad753c0,
0x0000022d7ad746a0
}

Java Threads: ( => current thread )
  0x0000022d6d02d9a0 JavaThread "main"                              [_thread_in_Java, id=22088, stack(0x000000785c300000,0x000000785c400000) (1024K)]
  0x0000022d7ad6c340 JavaThread "Reference Handler"          daemon [_thread_blocked, id=14672, stack(0x000000785cb00000,0x000000785cc00000) (1024K)]
  0x0000022d7ad6d340 JavaThread "Finalizer"                  daemon [_thread_blocked, id=15048, stack(0x000000785cc00000,0x000000785cd00000) (1024K)]
  0x0000022d7ad6fa70 JavaThread "Signal Dispatcher"          daemon [_thread_blocked, id=13664, stack(0x000000785cd00000,0x000000785ce00000) (1024K)]
  0x0000022d7ad76770 JavaThread "Attach Listener"            daemon [_thread_blocked, id=12496, stack(0x000000785ce00000,0x000000785cf00000) (1024K)]
  0x0000022d7ad75a50 JavaThread "Service Thread"             daemon [_thread_blocked, id=7832, stack(0x000000785cf00000,0x000000785d000000) (1024K)]
  0x0000022d7ad76e00 JavaThread "Monitor Deflation Thread"   daemon [_thread_blocked, id=25508, stack(0x000000785d000000,0x000000785d100000) (1024K)]
=>0x0000022d7ad84aa0 JavaThread "C2 CompilerThread0"         daemon [_thread_in_native, id=12360, stack(0x000000785d100000,0x000000785d200000) (1024K)]
  0x0000022d7adb1660 JavaThread "C1 CompilerThread0"         daemon [_thread_in_native, id=7332, stack(0x000000785d200000,0x000000785d300000) (1024K)]
  0x0000022d7ad73980 JavaThread "Notification Thread"        daemon [_thread_blocked, id=17336, stack(0x000000785d300000,0x000000785d400000) (1024K)]
  0x0000022d7ad74010 JavaThread "Common-Cleaner"             daemon [_thread_blocked, id=18796, stack(0x000000785d400000,0x000000785d500000) (1024K)]
  0x0000022d7ad753c0 JavaThread "surefire-forkedjvm-stream-flusher" daemon [_thread_blocked, id=10504, stack(0x000000785d500000,0x000000785d600000) (1024K)]
  0x0000022d7ad746a0 JavaThread "surefire-forkedjvm-command-thread" daemon [_thread_in_native, id=25256, stack(0x000000785d600000,0x000000785d700000) (1024K)]
Total: 13

Other Threads:
  0x0000022d6d2f6a20 VMThread "VM Thread"                           [id=11780, stack(0x000000785ca00000,0x000000785cb00000) (1024K)]
  0x0000022d7ad5cee0 WatcherThread "VM Periodic Task Thread"        [id=5836, stack(0x000000785c900000,0x000000785ca00000) (1024K)]
  0x0000022d6d26d700 WorkerThread "GC Thread#0"                     [id=7492, stack(0x000000785c400000,0x000000785c500000) (1024K)]
  0x0000022d7f2413f0 WorkerThread "GC Thread#1"                     [id=10952, stack(0x000000785d700000,0x000000785d800000) (1024K)]
  0x0000022d7f334150 WorkerThread "GC Thread#2"                     [id=16316, stack(0x000000785d800000,0x000000785d900000) (1024K)]
  0x0000022d7f84dff0 WorkerThread "GC Thread#3"                     [id=24788, stack(0x000000785d900000,0x000000785da00000) (1024K)]
  0x0000022d6d2769e0 ConcurrentGCThread "G1 Main Marker"            [id=21680, stack(0x000000785c500000,0x000000785c600000) (1024K)]
  0x0000022d6d2774e0 WorkerThread "G1 Conc#0"                       [id=9772, stack(0x000000785c600000,0x000000785c700000) (1024K)]
  0x0000022d6d2d88c0 ConcurrentGCThread "G1 Refine#0"               [id=17960, stack(0x000000785c700000,0x000000785c800000) (1024K)]
  0x0000022d6d2d9430 ConcurrentGCThread "G1 Service"                [id=21140, stack(0x000000785c800000,0x000000785c900000) (1024K)]
Total: 10

Threads with active compile tasks:
C2 CompilerThread0      773  755       4       java.lang.StringLatin1::replace (198 bytes)
C1 CompilerThread0      774  818       3       jdk.internal.org.objectweb.asm.MethodWriter::visitVarInsn (302 bytes)
Total: 2

VM state: not at safepoint (normal execution)

VM Mutex/Monitor currently owned by a thread: None

Heap address: 0x00000000c3600000, size: 970 MB, Compressed Oops mode: 32-bit

CDS archive(s) mapped at: [0x0000022d0f000000-0x0000022d0fc90000-0x0000022d0fc90000), size 13172736, SharedBaseAddress: 0x0000022d0f000000, ArchiveRelocationMode: 1.
Compressed class space mapped at: 0x0000022d10000000-0x0000022d50000000, reserved size: 1073741824
Narrow klass base: 0x0000022d0f000000, Narrow klass shift: 0, Narrow klass range: 0x100000000

GC Precious Log:
 CardTable entry size: 512
 Card Set container configuration: InlinePtr #cards 5 size 8 Array Of Cards #cards 12 size 40 Howl #buckets 4 coarsen threshold 1843 Howl Bitmap #cards 512 size 80 coarsen threshold 460 Card regions per heap region 1 cards per card region 2048
 CPUs: 4 total, 4 available
 Memory: 3877M
 Large Page Support: Disabled
 NUMA Support: Disabled
 Compressed Oops: Enabled (32-bit)
 Heap Region Size: 1M
 Heap Min Capacity: 8M
 Heap Initial Capacity: 62M
 Heap Max Capacity: 970M
 Pre-touch: Disabled
 Parallel Workers: 4
 Concurrent Workers: 1
 Concurrent Refinement Workers: 4
 Periodic GC: Disabled

Heap:
 garbage-first heap   total 63488K, used 9856K [0x00000000c3600000, 0x0000000100000000)
  region size 1024K, 5 young (5120K), 2 survivors (2048K)
 Metaspace       used 2976K, committed 3136K, reserved 1114112K
  class space    used 279K, committed 384K, reserved 1048576K

Heap Regions: E=young(eden), S=young(survivor), O=old, HS=humongous(starts), HC=humongous(continues), CS=collection set, F=free, TAMS=top-at-mark-start, PB=parsable bottom
|   0|0x00000000c3600000, 0x00000000c3700000, 0x00000000c3700000|100%|HS|  |TAMS 0x00000000c3600000| PB 0x00000000c3600000| Complete 
|   1|0x00000000c3700000, 0x00000000c3800000, 0x00000000c3800000|100%| O|  |TAMS 0x00000000c3700000| PB 0x00000000c3700000| Untracked 
|   2|0x00000000c3800000, 0x00000000c3900000, 0x00000000c3900000|100%| O|  |TAMS 0x00000000c3800000| PB 0x00000000c3800000| Untracked 
|   3|0x00000000c3900000, 0x00000000c3a00000, 0x00000000c3a00000|100%| O|  |TAMS 0x00000000c3900000| PB 0x00000000c3900000| Untracked 
|   4|0x00000000c3a00000, 0x00000000c3b00000, 0x00000000c3b00000|100%| O|  |TAMS 0x00000000c3a00000| PB 0x00000000c3a00000| Untracked 
|   5|0x00000000c3b00000, 0x00000000c3ba0000, 0x00000000c3c00000| 62%| O|  |TAMS 0x00000000c3b00000| PB 0x00000000c3b00000| Untracked 
|   6|0x00000000c3c00000, 0x00000000c3c00000, 0x00000000c3d00000|  0%| F|  |TAMS 0x00000000c3c00000| PB 0x00000000c3c00000| Untracked 
|   7|0x00000000c3d00000, 0x00000000c3d00000, 0x00000000c3e00000|  0%| F|  |TAMS 0x00000000c3d00000| PB 0x00000000c3d00000| Untracked 
|   8|0x00000000c3e00000, 0x00000000c3e00000, 0x00000000c3f00000|  0%| F|  |TAMS 0x00000000c3e00000| PB 0x00000000c3e00000| Untracked 
|   9|0x00000000c3f00000, 0x00000000c3f00000, 0x00000000c4000000|  0%| F|  |TAMS 0x00000000c3f00000| PB 0x00000000c3f00000| Untracked 
|  10|0x00000000c4000000, 0x00000000c4000000, 0x00000000c4100000|  0%| F|  |TAMS 0x00000000c4000000| PB 0x00000000c4000000| Untracked 
|  11|0x00000000c4100000, 0x00000000c4100000, 0x00000000c4200000|  0%| F|  |TAMS 0x00000000c4100000| PB 0x00000000c4100000| Untracked 
|  12|0x00000000c4200000, 0x00000000c4200000, 0x00000000c4300000|  0%| F|  |TAMS 0x00000000c4200000| PB 0x00000000c4200000| Untracked 
|  13|0x00000000c4300000, 0x00000000c4300000, 0x00000000c4400000|  0%| F|  |TAMS 0x00000000c4300000| PB 0x00000000c4300000| Untracked 
|  14|0x00000000c4400000, 0x00000000c4400000, 0x00000000c4500000|  0%| F|  |TAMS 0x00000000c4400000| PB 0x00000000c4400000| Untracked 
|  15|0x00000000c4500000, 0x00000000c4500000, 0x00000000c4600000|  0%| F|  |TAMS 0x00000000c4500000| PB 0x00000000c4500000| Untracked 
|  16|0x00000000c4600000, 0x00000000c4600000, 0x00000000c4700000|  0%| F|  |TAMS 0x00000000c4600000| PB 0x00000000c4600000| Untracked 
|  17|0x00000000c4700000, 0x00000000c4700000, 0x00000000c4800000|  0%| F|  |TAMS 0x00000000c4700000| PB 0x00000000c4700000| Untracked 
|  18|0x00000000c4800000, 0x00000000c4800000, 0x00000000c4900000|  0%| F|  |TAMS 0x00000000c4800000| PB 0x00000000c4800000| Untracked 
|  19|0x00000000c4900000, 0x00000000c4900000, 0x00000000c4a00000|  0%| F|  |TAMS 0x00000000c4900000| PB 0x00000000c4900000| Untracked 
|  20|0x00000000c4a00000, 0x00000000c4a00000, 0x00000000c4b00000|  0%| F|  |TAMS 0x00000000c4a00000| PB 0x00000000c4a00000| Untracked 
|  21|0x00000000c4b00000, 0x00000000c4b00000, 0x00000000c4c00000|  0%| F|  |TAMS 0x00000000c4b00000| PB 0x00000000c4b00000| Untracked 
|  22|0x00000000c4c00000, 0x00000000c4c00000, 0x00000000c4d00000|  0%| F|  |TAMS 0x00000000c4c00000| PB 0x00000000c4c00000| Untracked 
|  23|0x00000000c4d00000, 0x00000000c4d00000, 0x00000000c4e00000|  0%| F|  |TAMS 0x00000000c4d00000| PB 0x00000000c4d00000| Untracked 
|  24|0x00000000c4e00000, 0x00000000c4e00000, 0x00000000c4f00000|  0%| F|  |TAMS 0x00000000c4e00000| PB 0x00000000c4e00000| Untracked 
|  25|0x00000000c4f00000, 0x00000000c4f00000, 0x00000000c5000000|  0%| F|  |TAMS 0x00000000c4f00000| PB 0x00000000c4f00000| Untracked 
|  26|0x00000000c5000000, 0x00000000c5000000, 0x00000000c5100000|  0%| F|  |TAMS 0x00000000c5000000| PB 0x00000000c5000000| Untracked 
|  27|0x00000000c5100000, 0x00000000c5100000, 0x00000000c5200000|  0%| F|  |TAMS 0x00000000c5100000| PB 0x00000000c5100000| Untracked 
|  28|0x00000000c5200000, 0x00000000c5200000, 0x00000000c5300000|  0%| F|  |TAMS 0x00000000c5200000| PB 0x00000000c5200000| Untracked 
|  29|0x00000000c5300000, 0x00000000c5300000, 0x00000000c5400000|  0%| F|  |TAMS 0x00000000c5300000| PB 0x00000000c5300000| Untracked 
|  30|0x00000000c5400000, 0x00000000c5400000, 0x00000000c5500000|  0%| F|  |TAMS 0x00000000c5400000| PB 0x00000000c5400000| Untracked 
|  31|0x00000000c5500000, 0x00000000c5500000, 0x00000000c5600000|  0%| F|  |TAMS 0x00000000c5500000| PB 0x00000000c5500000| Untracked 
|  32|0x00000000c5600000, 0x00000000c5600000, 0x00000000c5700000|  0%| F|  |TAMS 0x00000000c5600000| PB 0x00000000c5600000| Untracked 
|  33|0x00000000c5700000, 0x00000000c5700000, 0x00000000c5800000|  0%| F|  |TAMS 0x00000000c5700000| PB 0x00000000c5700000| Untracked 
|  34|0x00000000c5800000, 0x00000000c5800000, 0x00000000c5900000|  0%| F|  |TAMS 0x00000000c5800000| PB 0x00000000c5800000| Untracked 
|  35|0x00000000c5900000, 0x00000000c5900000, 0x00000000c5a00000|  0%| F|  |TAMS 0x00000000c5900000| PB 0x00000000c5900000| Untracked 
|  36|0x00000000c5a00000, 0x00000000c5a00000, 0x00000000c5b00000|  0%| F|  |TAMS 0x00000000c5a00000| PB 0x00000000c5a00000| Untracked 
|  37|0x00000000c5b00000, 0x00000000c5b00000, 0x00000000c5c00000|  0%| F|  |TAMS 0x00000000c5b00000| PB 0x00000000c5b00000| Untracked 
|  38|0x00000000c5c00000, 0x00000000c5c00000, 0x00000000c5d00000|  0%| F|  |TAMS 0x00000000c5c00000| PB 0x00000000c5c00000| Untracked 
|  39|0x00000000c5d00000, 0x00000000c5d00000, 0x00000000c5e00000|  0%| F|  |TAMS 0x00000000c5d00000| PB 0x00000000c5d00000| Untracked 
|  40|0x00000000c5e00000, 0x00000000c5e00000, 0x00000000c5f00000|  0%| F|  |TAMS 0x00000000c5e00000| PB 0x00000000c5e00000| Untracked 
|  41|0x00000000c5f00000, 0x00000000c5f00000, 0x00000000c6000000|  0%| F|  |TAMS 0x00000000c5f00000| PB 0x00000000c5f00000| Untracked 
|  42|0x00000000c6000000, 0x00000000c6000000, 0x00000000c6100000|  0%| F|  |TAMS 0x00000000c6000000| PB 0x00000000c6000000| Untracked 
|  43|0x00000000c6100000, 0x00000000c6100000, 0x00000000c6200000|  0%| F|  |TAMS 0x00000000c6100000| PB 0x00000000c6100000| Untracked 
|  44|0x00000000c6200000, 0x00000000c6200000, 0x00000000c6300000|  0%| F|  |TAMS 0x00000000c6200000| PB 0x00000000c6200000| Untracked 
|  45|0x00000000c6300000, 0x00000000c6300000, 0x00000000c6400000|  0%| F|  |TAMS 0x00000000c6300000| PB 0x00000000c6300000| Untracked 
|  46|0x00000000c6400000, 0x00000000c6400000, 0x00000000c6500000|  0%| F|  |TAMS 0x00000000c6400000| PB 0x00000000c6400000| Untracked 
|  47|0x00000000c6500000, 0x00000000c6600000, 0x00000000c6600000|100%| S|CS|TAMS 0x00000000c6500000| PB 0x00000000c6500000| Complete 
|  48|0x00000000c6600000, 0x00000000c6700000, 0x00000000c6700000|100%| S|CS|TAMS 0x00000000c6600000| PB 0x00000000c6600000| Complete 
|  49|0x00000000c6700000, 0x00000000c6700000, 0x00000000c6800000|  0%| F|  |TAMS 0x00000000c6700000| PB 0x00000000c6700000| Untracked 
|  50|0x00000000c6800000, 0x00000000c6800000, 0x00000000c6900000|  0%| F|  |TAMS 0x00000000c6800000| PB 0x00000000c6800000| Untracked 
|  51|0x00000000c6900000, 0x00000000c6900000, 0x00000000c6a00000|  0%| F|  |TAMS 0x00000000c6900000| PB 0x00000000c6900000| Untracked 
|  52|0x00000000c6a00000, 0x00000000c6a00000, 0x00000000c6b00000|  0%| F|  |TAMS 0x00000000c6a00000| PB 0x00000000c6a00000| Untracked 
|  53|0x00000000c6b00000, 0x00000000c6b00000, 0x00000000c6c00000|  0%| F|  |TAMS 0x00000000c6b00000| PB 0x00000000c6b00000| Untracked 
|  54|0x00000000c6c00000, 0x00000000c6c00000, 0x00000000c6d00000|  0%| F|  |TAMS 0x00000000c6c00000| PB 0x00000000c6c00000| Untracked 
|  55|0x00000000c6d00000, 0x00000000c6d00000, 0x00000000c6e00000|  0%| F|  |TAMS 0x00000000c6d00000| PB 0x00000000c6d00000| Untracked 
|  56|0x00000000c6e00000, 0x00000000c6e00000, 0x00000000c6f00000|  0%| F|  |TAMS 0x00000000c6e00000| PB 0x00000000c6e00000| Untracked 
|  57|0x00000000c6f00000, 0x00000000c6f00000, 0x00000000c7000000|  0%| F|  |TAMS 0x00000000c6f00000| PB 0x00000000c6f00000| Untracked 
|  58|0x00000000c7000000, 0x00000000c7000000, 0x00000000c7100000|  0%| F|  |TAMS 0x00000000c7000000| PB 0x00000000c7000000| Untracked 
|  59|0x00000000c7100000, 0x00000000c7176c28, 0x00000000c7200000| 46%| E|  |TAMS 0x00000000c7100000| PB 0x00000000c7100000| Complete 
|  60|0x00000000c7200000, 0x00000000c7300000, 0x00000000c7300000|100%| E|CS|TAMS 0x00000000c7200000| PB 0x00000000c7200000| Complete 
|  61|0x00000000c7300000, 0x00000000c7400000, 0x00000000c7400000|100%| E|CS|TAMS 0x00000000c7300000| PB 0x00000000c7300000| Complete 

Card table byte_map: [0x0000022d776b0000,0x0000022d778a0000] _byte_map_base: 0x0000022d77095000

Marking Bits: (CMBitMap*) 0x0000022d6d26de00
 Bits: [0x0000022d778a0000, 0x0000022d787c8000)

Polling page: 0x0000022d76e70000

Metaspace:

Usage:
  Non-class:      2.65 MB used.
      Class:    280.99 KB used.
       Both:      2.92 MB used.

Virtual space:
  Non-class space:       64.00 MB reserved,       2.69 MB (  4%) committed,  1 nodes.
      Class space:        1.00 GB reserved,     384.00 KB ( <1%) committed,  1 nodes.
             Both:        1.06 GB reserved,       3.06 MB ( <1%) committed. 

Chunk freelists:
   Non-Class:  10.94 MB
       Class:  15.59 MB
        Both:  26.53 MB

MaxMetaspaceSize: unlimited
CompressedClassSpaceSize: 1.00 GB
Initial GC threshold: 21.00 MB
Current GC threshold: 21.00 MB
CDS: on
 - commit_granule_bytes: 65536.
 - commit_granule_words: 8192.
 - virtual_space_node_default_size: 8388608.
 - enlarge_chunks_in_place: 1.
 - use_allocation_guard: 0.


Internal statistics:

num_allocs_failed_limit: 0.
num_arena_births: 26.
num_arena_deaths: 0.
num_vsnodes_births: 2.
num_vsnodes_deaths: 0.
num_space_committed: 49.
num_space_uncommitted: 0.
num_chunks_returned_to_freelist: 0.
num_chunks_taken_from_freelist: 99.
num_chunk_merges: 0.
num_chunk_splits: 59.
num_chunks_enlarged: 41.
num_inconsistent_stats: 0.

CodeHeap 'non-profiled nmethods': size=120000Kb used=268Kb max_used=268Kb free=119732Kb
 bounds [0x0000022d07ad0000, 0x0000022d07d40000, 0x0000022d0f000000]
CodeHeap 'profiled nmethods': size=120000Kb used=1467Kb max_used=1467Kb free=118532Kb
 bounds [0x0000022d00000000, 0x0000022d00270000, 0x0000022d07530000]
CodeHeap 'non-nmethods': size=5760Kb used=1465Kb max_used=1486Kb free=4294Kb
 bounds [0x0000022d07530000, 0x0000022d077a0000, 0x0000022d07ad0000]
 total_blobs=1258 nmethods=813 adapters=350
 compilation: enabled
              stopped_count=0, restarted_count=0
 full_count=0

Compilation events (20 events):
Event: 0.691 Thread 0x0000022d7adb1660 nmethod 780 0x0000022d0014a890 code [0x0000022d0014aa80, 0x0000022d0014aee0]
Event: 0.691 Thread 0x0000022d7adb1660  781       3       java.lang.CharacterDataLatin1::getProperties (11 bytes)
Event: 0.692 Thread 0x0000022d7adb1660 nmethod 781 0x0000022d0014b110 code [0x0000022d0014b2a0, 0x0000022d0014b3e8]
Event: 0.693 Thread 0x0000022d7adb1660  782       3       java.util.jar.Attributes::getValue (9 bytes)
Event: 0.693 Thread 0x0000022d7adb1660 nmethod 782 0x0000022d0014b490 code [0x0000022d0014b640, 0x0000022d0014b968]
Event: 0.693 Thread 0x0000022d7adb1660  783       3       java.util.jar.Attributes::get (11 bytes)
Event: 0.693 Thread 0x0000022d7adb1660 nmethod 783 0x0000022d0014ba90 code [0x0000022d0014bc40, 0x0000022d0014be18]
Event: 0.693 Thread 0x0000022d7adb1660  784       3       java.util.LinkedHashMap::get (29 bytes)
Event: 0.694 Thread 0x0000022d7adb1660 nmethod 784 0x0000022d0014bf10 code [0x0000022d0014c0e0, 0x0000022d0014c330]
Event: 0.695 Thread 0x0000022d7adb1660  785       3       java.io.FileSystem::hasBooleanAttributes (17 bytes)
Event: 0.695 Thread 0x0000022d7adb1660 nmethod 785 0x0000022d0014c410 code [0x0000022d0014c5c0, 0x0000022d0014c778]
Event: 0.697 Thread 0x0000022d7adb1660  786       3       java.io.File::exists (34 bytes)
Event: 0.697 Thread 0x0000022d7adb1660 nmethod 786 0x0000022d0014c810 code [0x0000022d0014ca00, 0x0000022d0014ce10]
Event: 0.698 Thread 0x0000022d7adb1660  787   !   3       java.io.WinNTFileSystem::isInvalid (78 bytes)
Event: 0.698 Thread 0x0000022d7adb1660 nmethod 787 0x0000022d0014cf90 code [0x0000022d0014d140, 0x0000022d0014d390]
Event: 0.702 Thread 0x0000022d7ad84aa0 nmethod 750 0x0000022d07b0d890 code [0x0000022d07b0dc80, 0x0000022d07b0fa98]
Event: 0.702 Thread 0x0000022d7ad84aa0  751       4       java.util.zip.ZipFile$Source::getEntryPos (164 bytes)
Event: 0.704 Thread 0x0000022d7adb1660  789       3       java.net.URLStreamHandler::parseURL (1124 bytes)
Event: 0.715 Thread 0x0000022d7ad84aa0 nmethod 751 0x0000022d07b10e10 code [0x0000022d07b11060, 0x0000022d07b11920]
Event: 0.715 Thread 0x0000022d7ad84aa0  755       4       java.lang.StringLatin1::replace (198 bytes)

GC Heap History (2 events):
Event: 0.589 GC heap before
{Heap before GC invocations=0 (full 0):
 garbage-first heap   total 63488K, used 13312K [0x00000000c3600000, 0x0000000100000000)
  region size 1024K, 13 young (13312K), 0 survivors (0K)
 Metaspace       used 2518K, committed 2624K, reserved 1114112K
  class space    used 226K, committed 256K, reserved 1048576K
}
Event: 0.598 GC heap after
{Heap after GC invocations=1 (full 0):
 garbage-first heap   total 63488K, used 7808K [0x00000000c3600000, 0x0000000100000000)
  region size 1024K, 2 young (2048K), 2 survivors (2048K)
 Metaspace       used 2518K, committed 2624K, reserved 1114112K
  class space    used 226K, committed 256K, reserved 1048576K
}

Dll operation events (8 events):
Event: 0.013 Loaded shared library C:\Program Files\Java\jdk-21\bin\java.dll
Event: 0.061 Loaded shared library C:\Program Files\Java\jdk-21\bin\jsvml.dll
Event: 0.087 Loaded shared library C:\Program Files\Java\jdk-21\bin\net.dll
Event: 0.090 Loaded shared library C:\Program Files\Java\jdk-21\bin\nio.dll
Event: 0.095 Loaded shared library C:\Program Files\Java\jdk-21\bin\zip.dll
Event: 0.173 Loaded shared library C:\Program Files\Java\jdk-21\bin\management.dll
Event: 0.183 Loaded shared library C:\Program Files\Java\jdk-21\bin\management_ext.dll
Event: 0.221 Loaded shared library C:\Program Files\Java\jdk-21\bin\jimage.dll

Deoptimization events (20 events):
Event: 0.386 Thread 0x0000022d6d02d9a0 DEOPT PACKING pc=0x0000022d000871d5 sp=0x000000785c3fde30
Event: 0.386 Thread 0x0000022d6d02d9a0 DEOPT UNPACKING pc=0x0000022d075888e2 sp=0x000000785c3fd2b8 mode 0
Event: 0.430 Thread 0x0000022d6d02d9a0 Uncommon trap: trap_request=0xffffff6e fr.pc=0x0000022d07ad7194 relative=0x0000000000000454
Event: 0.430 Thread 0x0000022d6d02d9a0 Uncommon trap: reason=loop_limit_check action=maybe_recompile pc=0x0000022d07ad7194 method=java.lang.StringLatin1.indexOf([BI[BII)I @ 37 c2
Event: 0.430 Thread 0x0000022d6d02d9a0 DEOPT PACKING pc=0x0000022d07ad7194 sp=0x000000785c3fcf40
Event: 0.430 Thread 0x0000022d6d02d9a0 DEOPT UNPACKING pc=0x0000022d07587da2 sp=0x000000785c3fcec8 mode 2
Event: 0.513 Thread 0x0000022d6d02d9a0 Uncommon trap: trap_request=0xffffff45 fr.pc=0x0000022d07ada744 relative=0x0000000000000204
Event: 0.513 Thread 0x0000022d6d02d9a0 Uncommon trap: reason=unstable_if action=reinterpret pc=0x0000022d07ada744 method=java.lang.StringLatin1.canEncode(I)Z @ 4 c2
Event: 0.513 Thread 0x0000022d6d02d9a0 DEOPT PACKING pc=0x0000022d07ada744 sp=0x000000785c3fe600
Event: 0.513 Thread 0x0000022d6d02d9a0 DEOPT UNPACKING pc=0x0000022d07587da2 sp=0x000000785c3fe518 mode 2
Event: 0.513 Thread 0x0000022d6d02d9a0 Uncommon trap: trap_request=0xffffff45 fr.pc=0x0000022d07adbfc4 relative=0x0000000000000204
Event: 0.513 Thread 0x0000022d6d02d9a0 Uncommon trap: reason=unstable_if action=reinterpret pc=0x0000022d07adbfc4 method=java.lang.AbstractStringBuilder.isLatin1()Z @ 10 c2
Event: 0.513 Thread 0x0000022d6d02d9a0 DEOPT PACKING pc=0x0000022d07adbfc4 sp=0x000000785c3fe5b0
Event: 0.513 Thread 0x0000022d6d02d9a0 DEOPT UNPACKING pc=0x0000022d07587da2 sp=0x000000785c3fe520 mode 2
Event: 0.545 Thread 0x0000022d6d02d9a0 DEOPT PACKING pc=0x0000022d000871d5 sp=0x000000785c3fb120
Event: 0.545 Thread 0x0000022d6d02d9a0 DEOPT UNPACKING pc=0x0000022d075888e2 sp=0x000000785c3fa590 mode 0
Event: 0.663 Thread 0x0000022d6d02d9a0 DEOPT PACKING pc=0x0000022d0002d25f sp=0x000000785c3fce90
Event: 0.663 Thread 0x0000022d6d02d9a0 DEOPT UNPACKING pc=0x0000022d075888e2 sp=0x000000785c3fc340 mode 0
Event: 0.692 Thread 0x0000022d6d02d9a0 DEOPT PACKING pc=0x0000022d000871d5 sp=0x000000785c3fcf40
Event: 0.692 Thread 0x0000022d6d02d9a0 DEOPT UNPACKING pc=0x0000022d075888e2 sp=0x000000785c3fc3b0 mode 0

Classes loaded (20 events):
Event: 0.503 Loading class sun/text/resources/cldr/FormatData_en
Event: 0.504 Loading class sun/text/resources/cldr/FormatData_en done
Event: 0.504 Loading class sun/util/resources/Bundles$2
Event: 0.504 Loading class sun/util/resources/Bundles$2 done
Event: 0.505 Loading class java/lang/InstantiationException
Event: 0.505 Loading class java/lang/InstantiationException done
Event: 0.506 Loading class java/lang/IllegalAccessException
Event: 0.506 Loading class java/lang/IllegalAccessException done
Event: 0.530 Loading class java/lang/reflect/InvocationTargetException
Event: 0.530 Loading class java/lang/reflect/InvocationTargetException done
Event: 0.535 Loading class java/io/StringReader
Event: 0.535 Loading class java/io/StringReader done
Event: 0.535 Loading class java/io/UncheckedIOException
Event: 0.535 Loading class java/io/UncheckedIOException done
Event: 0.563 Loading class sun/nio/cs/UTF_8$Encoder
Event: 0.564 Loading class sun/nio/cs/UTF_8$Encoder done
Event: 0.581 Loading class jdk/internal/loader/URLClassPath$FileLoader$1
Event: 0.581 Loading class jdk/internal/loader/URLClassPath$FileLoader$1 done
Event: 0.611 Loading class java/lang/invoke/DirectMethodHandle$Special
Event: 0.611 Loading class java/lang/invoke/DirectMethodHandle$Special done

Classes unloaded (0 events):
No events

Classes redefined (0 events):
No events

Internal exceptions (4 events):
Event: 0.204 Thread 0x0000022d6d02d9a0 Exception <a 'java/lang/NoSuchMethodError'{0x00000000c701d360}: 'int java.lang.invoke.DirectMethodHandle$Holder.invokeSpecial(java.lang.Object, java.lang.Object, java.lang.Object)'> (0x00000000c701d360) 
thrown [s\open\src\hotspot\share\interpreter\linkResolver.cpp, line 773]
Event: 0.608 Thread 0x0000022d6d02d9a0 Exception <a 'java/lang/NoSuchMethodError'{0x00000000c7318cf0}: 'void java.lang.invoke.DirectMethodHandle$Holder.invokeStatic(java.lang.Object, java.lang.Object, java.lang.Object)'> (0x00000000c7318cf0) 
thrown [s\open\src\hotspot\share\interpreter\linkResolver.cpp, line 773]
Event: 0.611 Thread 0x0000022d6d02d9a0 Exception <a 'java/lang/NoSuchMethodError'{0x00000000c7320748}: 'void java.lang.invoke.DirectMethodHandle$Holder.invokeSpecial(java.lang.Object, java.lang.Object, java.lang.Object)'> (0x00000000c7320748) 
thrown [s\open\src\hotspot\share\interpreter\linkResolver.cpp, line 773]
Event: 0.671 Thread 0x0000022d6d02d9a0 Exception <a 'java/lang/NoSuchMethodError'{0x00000000c7234620}: 'java.lang.Object java.lang.invoke.DirectMethodHandle$Holder.invokeVirtual(java.lang.Object, java.lang.Object, java.lang.Object)'> (0x00000000c7234620) 
thrown [s\open\src\hotspot\share\interpreter\linkResolver.cpp, line 773]

ZGC Phase Switch (0 events):
No events

VM Operations (6 events):
Event: 0.096 Executing VM operation: HandshakeAllThreads (Deoptimize)
Event: 0.096 Executing VM operation: HandshakeAllThreads (Deoptimize) done
Event: 0.352 Executing VM operation: HandshakeAllThreads (Deoptimize)
Event: 0.352 Executing VM operation: HandshakeAllThreads (Deoptimize) done
Event: 0.589 Executing VM operation: G1CollectForAllocation (G1 Evacuation Pause)
Event: 0.599 Executing VM operation: G1CollectForAllocation (G1 Evacuation Pause) done

Events (13 events):
Event: 0.038 Thread 0x0000022d6d02d9a0 Thread added: 0x0000022d6d02d9a0
Event: 0.057 Thread 0x0000022d7ad6c340 Thread added: 0x0000022d7ad6c340
Event: 0.057 Thread 0x0000022d7ad6d340 Thread added: 0x0000022d7ad6d340
Event: 0.058 Thread 0x0000022d7ad6fa70 Thread added: 0x0000022d7ad6fa70
Event: 0.058 Thread 0x0000022d7ad76770 Thread added: 0x0000022d7ad76770
Event: 0.058 Thread 0x0000022d7ad75a50 Thread added: 0x0000022d7ad75a50
Event: 0.058 Thread 0x0000022d7ad76e00 Thread added: 0x0000022d7ad76e00
Event: 0.058 Thread 0x0000022d7ad84aa0 Thread added: 0x0000022d7ad84aa0
Event: 0.058 Thread 0x0000022d7adb1660 Thread added: 0x0000022d7adb1660
Event: 0.080 Thread 0x0000022d7ad73980 Thread added: 0x0000022d7ad73980
Event: 0.083 Thread 0x0000022d7ad74010 Thread added: 0x0000022d7ad74010
Event: 0.378 Thread 0x0000022d7ad753c0 Thread added: 0x0000022d7ad753c0
Event: 0.399 Thread 0x0000022d7ad746a0 Thread added: 0x0000022d7ad746a0


Dynamic libraries:
0x00007ff616050000 - 0x00007ff616060000 	C:\Program Files\Java\jdk-21\bin\java.exe
0x00007fff1f130000 - 0x00007fff1f347000 	C:\WINDOWS\SYSTEM32\ntdll.dll
0x00007fff1ddf0000 - 0x00007fff1deb4000 	C:\WINDOWS\System32\KERNEL32.DLL
0x00007fff1c4d0000 - 0x00007fff1c889000 	C:\WINDOWS\System32\KERNELBASE.dll
0x00007fff1c890000 - 0x00007fff1c9a1000 	C:\WINDOWS\System32\ucrtbase.dll
0x00007ffeeb130000 - 0x00007ffeeb149000 	C:\Program Files\Java\jdk-21\bin\jli.dll
0x00007fff1ce50000 - 0x00007fff1cf02000 	C:\WINDOWS\System32\ADVAPI32.dll
0x00007fff1e040000 - 0x00007fff1e0e7000 	C:\WINDOWS\System32\msvcrt.dll
0x00007fff0dea0000 - 0x00007fff0debb000 	C:\Program Files\Java\jdk-21\bin\VCRUNTIME140.dll
0x00007fff1db90000 - 0x00007fff1dc37000 	C:\WINDOWS\System32\sechost.dll
0x00007fff1ce20000 - 0x00007fff1ce48000 	C:\WINDOWS\System32\bcrypt.dll
0x00007fff1d700000 - 0x00007fff1d814000 	C:\WINDOWS\System32\RPCRT4.dll
0x00007fff1dc40000 - 0x00007fff1ddee000 	C:\WINDOWS\System32\USER32.dll
0x00007fff1c9b0000 - 0x00007fff1c9d6000 	C:\WINDOWS\System32\win32u.dll
0x00007ffef2a00000 - 0x00007ffef2c92000 	C:\WINDOWS\WinSxS\amd64_microsoft.windows.common-controls_6595b64144ccf1df_6.0.22621.4391_none_2715d37f73803e96\COMCTL32.dll
0x00007fff1f040000 - 0x00007fff1f069000 	C:\WINDOWS\System32\GDI32.dll
0x00007fff1cbc0000 - 0x00007fff1ccdb000 	C:\WINDOWS\System32\gdi32full.dll
0x00007fff1c430000 - 0x00007fff1c4ca000 	C:\WINDOWS\System32\msvcp_win.dll
0x00007fff12200000 - 0x00007fff1220a000 	C:\WINDOWS\SYSTEM32\VERSION.dll
0x00007fff1d470000 - 0x00007fff1d4a1000 	C:\WINDOWS\System32\IMM32.DLL
0x00007fff127b0000 - 0x00007fff127bc000 	C:\Program Files\Java\jdk-21\bin\vcruntime140_1.dll
0x00007ffebdc70000 - 0x00007ffebdcfe000 	C:\Program Files\Java\jdk-21\bin\msvcp140.dll
0x00007ffe786e0000 - 0x00007ffe793f8000 	C:\Program Files\Java\jdk-21\bin\server\jvm.dll
0x00007fff1cf10000 - 0x00007fff1cf81000 	C:\WINDOWS\System32\WS2_32.dll
0x00007fff1c300000 - 0x00007fff1c34d000 	C:\WINDOWS\SYSTEM32\POWRPROF.dll
0x00007fff135a0000 - 0x00007fff135d4000 	C:\WINDOWS\SYSTEM32\WINMM.dll
0x00007fff1c2e0000 - 0x00007fff1c2f3000 	C:\WINDOWS\SYSTEM32\UMPDC.dll
0x00007fff1b470000 - 0x00007fff1b488000 	C:\WINDOWS\SYSTEM32\kernel.appcore.dll
0x00007fff115a0000 - 0x00007fff115aa000 	C:\Program Files\Java\jdk-21\bin\jimage.dll
0x00007fff15fc0000 - 0x00007fff161f2000 	C:\WINDOWS\SYSTEM32\DBGHELP.DLL
0x00007fff1eb20000 - 0x00007fff1eeaf000 	C:\WINDOWS\System32\combase.dll
0x00007fff1d4b0000 - 0x00007fff1d587000 	C:\WINDOWS\System32\OLEAUT32.dll
0x00007fff125f0000 - 0x00007fff12622000 	C:\WINDOWS\SYSTEM32\dbgcore.DLL
0x00007fff1cce0000 - 0x00007fff1cd5b000 	C:\WINDOWS\System32\bcryptPrimitives.dll
0x00007ffeeb110000 - 0x00007ffeeb12f000 	C:\Program Files\Java\jdk-21\bin\java.dll
0x00007fff1e0f0000 - 0x00007fff1e966000 	C:\WINDOWS\System32\SHELL32.dll
0x00007fff1a370000 - 0x00007fff1ac73000 	C:\WINDOWS\SYSTEM32\windows.storage.dll
0x00007fff1a230000 - 0x00007fff1a36f000 	C:\WINDOWS\SYSTEM32\wintypes.dll
0x00007fff1eeb0000 - 0x00007fff1efa9000 	C:\WINDOWS\System32\SHCORE.dll
0x00007fff1efe0000 - 0x00007fff1f03e000 	C:\WINDOWS\System32\shlwapi.dll
0x00007fff1c360000 - 0x00007fff1c38b000 	C:\WINDOWS\SYSTEM32\profapi.dll
0x00007ffeb13b0000 - 0x00007ffeb1487000 	C:\Program Files\Java\jdk-21\bin\jsvml.dll
0x00007ffeeb100000 - 0x00007ffeeb110000 	C:\Program Files\Java\jdk-21\bin\net.dll
0x00007fff12d40000 - 0x00007fff12e76000 	C:\WINDOWS\SYSTEM32\WINHTTP.dll
0x00007fff1b8f0000 - 0x00007fff1b959000 	C:\WINDOWS\system32\mswsock.dll
0x00007ffee3800000 - 0x00007ffee3816000 	C:\Program Files\Java\jdk-21\bin\nio.dll
0x00007ffee37e0000 - 0x00007ffee37f8000 	C:\Program Files\Java\jdk-21\bin\zip.dll
0x00007ffee8160000 - 0x00007ffee816a000 	C:\Program Files\Java\jdk-21\bin\management.dll
0x00007ffee7ad0000 - 0x00007ffee7adb000 	C:\Program Files\Java\jdk-21\bin\management_ext.dll
0x00007fff1efb0000 - 0x00007fff1efb8000 	C:\WINDOWS\System32\PSAPI.DLL

dbghelp: loaded successfully - version: 4.0.5 - missing functions: none
symbol engine: initialized successfully - sym options: 0x614 - pdb path: .;C:\Program Files\Java\jdk-21\bin;C:\WINDOWS\SYSTEM32;C:\WINDOWS\WinSxS\amd64_microsoft.windows.common-controls_6595b64144ccf1df_6.0.22621.4391_none_2715d37f73803e96;C:\Program Files\Java\jdk-21\bin\server

VM Arguments:
java_command: C:\Users\JANARTHANAN\AppData\Local\Temp\surefire17056707489514459396\surefirebooter-20241212192809222_3.jar C:\Users\JANARTHANAN\AppData\Local\Temp\surefire17056707489514459396 2024-12-12T19-28-08_764-jvmRun1 surefire-20241212192809222_1tmp surefire_0-20241212192809222_2tmp
java_class_path (initial): C:\Users\JANARTHANAN\AppData\Local\Temp\surefire17056707489514459396\surefirebooter-20241212192809222_3.jar
Launcher Type: SUN_STANDARD

[Global flags]
     intx CICompilerCount                          = 3                                         {product} {ergonomic}
     uint ConcGCThreads                            = 1                                         {product} {ergonomic}
     uint G1ConcRefinementThreads                  = 4                                         {product} {ergonomic}
   size_t G1HeapRegionSize                         = 1048576                                   {product} {ergonomic}
    uintx GCDrainStackTargetSize                   = 64                                        {product} {ergonomic}
   size_t InitialHeapSize                          = 65011712                                  {product} {ergonomic}
   size_t MarkStackSize                            = 4194304                                   {product} {ergonomic}
   size_t MaxHeapSize                              = 1017118720                                {product} {ergonomic}
   size_t MaxNewSize                               = 610271232                                 {product} {ergonomic}
   size_t MinHeapDeltaBytes                        = 1048576                                   {product} {ergonomic}
   size_t MinHeapSize                              = 8388608                                   {product} {ergonomic}
    uintx NonNMethodCodeHeapSize                   = 5832780                                {pd product} {ergonomic}
    uintx NonProfiledCodeHeapSize                  = 122912730                              {pd product} {ergonomic}
    uintx ProfiledCodeHeapSize                     = 122912730                              {pd product} {ergonomic}
    uintx ReservedCodeCacheSize                    = 251658240                              {pd product} {ergonomic}
     bool SegmentedCodeCache                       = true                                      {product} {ergonomic}
   size_t SoftMaxHeapSize                          = 1017118720                             {manageable} {ergonomic}
     bool UseCompressedOops                        = true                           {product lp64_product} {ergonomic}
     bool UseG1GC                                  = true                                      {product} {ergonomic}
     bool UseLargePagesIndividualAllocation        = false                                  {pd product} {ergonomic}

Logging:
Log output configuration:
 #0: stdout all=warning uptime,level,tags foldmultilines=false
 #1: stderr all=off uptime,level,tags foldmultilines=false

Environment Variables:
JAVA_HOME=C:\Program Files\Java\jdk-21
PATH=D:\oracle\product\10.2.0\db_3\bin;F:\oracle\product\10.2.0\db_1\bin;C:\Program Files\Common Files\Oracle\Java\javapath;C:\WINDOWS\system32;C:\WINDOWS;C:\WINDOWS\System32\Wbem;C:\WINDOWS\System32\WindowsPowerShell\v1.0\;C:\WINDOWS\System32\OpenSSH\;C:\Program Files\Microsoft SQL Server\Client SDK\ODBC\170\Tools\Binn\;C:\Program Files (x86)\Microsoft SQL Server\150\Tools\Binn\;C:\Program Files\Microsoft SQL Server\150\Tools\Binn\;C:\Program Files\Microsoft SQL Server\150\DTS\Binn\;E:\React\;C:\Program Files\Git\cmd;F:\Internship\springboot\Test\apache-maven-3.9.9\bin;C:\Program Files\Java\jdk-21\bin;C:\Program Files\Java\jdk-21;C:\Users\JANARTHANAN\AppData\Local\Microsoft\WindowsApps;C:\Program Files\Java\jdk-21\BIN;C:\Users\JANARTHANAN\AppData\Local\Programs\Microsoft VS Code\bin;E:\python project\PyCharm Community Edition 2022.2.4\bin;;C:\Users\JANARTHANAN\Downloads\apache-maven-3.9.4\bin;C:\Users\JANARTHANAN\AppData\Roaming\npm
USERNAME=JANARTHANAN
OS=Windows_NT
PROCESSOR_IDENTIFIER=Intel64 Family 6 Model 126 Stepping 5, GenuineIntel
TMP=C:\Users\JANART~1\AppData\Local\Temp
TEMP=C:\Users\JANART~1\AppData\Local\Temp




Periodic native trim disabled

---------------  S Y S T E M  ---------------

OS:
 Windows 11 , 64 bit Build 22621 (10.0.22621.4391)
OS uptime: 28 days 1:43 hours

CPU: total 4 (initial active 4) (2 cores per cpu, 2 threads per core) family 6 model 126 stepping 5 microcode 0xa6, cx8, cmov, fxsr, ht, mmx, 3dnowpref, sse, sse2, sse3, ssse3, sse4.1, sse4.2, popcnt, lzcnt, tsc, tscinvbit, avx, avx2, aes, erms, clmul, bmi1, bmi2, adx, avx512f, avx512dq, avx512cd, avx512bw, avx512vl, sha, fma, vzeroupper, avx512_vpopcntdq, avx512_vpclmulqdq, avx512_vaes, avx512_vnni, clflush, clflushopt, avx512_vbmi2, avx512_vbmi, rdtscp, rdpid, fsrm, gfni, avx512_bitalg, f16c, pku, avx512_ifma
Processor Information for all 4 processors :
  Max Mhz: 1190, Current Mhz: 1190, Mhz Limit: 1190

Memory: 4k page, system-wide physical 3877M (161M free)
TotalPageFile size 15653M (AvailPageFile size 0M)
current process WorkingSet (physical memory assigned to process): 71M, peak: 71M
current process commit charge ("private bytes"): 147M, peak: 147M

vm_info: Java HotSpot(TM) 64-Bit Server VM (21.0.5+9-LTS-239) for windows-amd64 JRE (21.0.5+9-LTS-239), built on 2024-09-30T05:17:38Z by "mach5one" with MS VC++ 17.6 (VS2022)

END.
