#
# There is insufficient memory for the Java Runtime Environment to continue.
# Native memory allocation (malloc) failed to allocate 1715488 bytes for Chunk::new
# Possible reasons:
#   The system is out of physical RAM or swap space
#   The process is running with CompressedOops enabled, and the Java Heap may be blocking the growth of the native heap
# Possible solutions:
#   Reduce memory load on the system
#   Increase physical memory or swap space
#   Check if swap backing store is full
#   Decrease Java heap size (-Xmx/-Xms)
#   Decrease number of Java threads
#   Decrease Java thread stack sizes (-Xss)
#   Set larger code cache with -XX:ReservedCodeCacheSize=
#   JVM is running with Unscaled Compressed Oops mode in which the Java heap is
#     placed in the first 4GB address space. The Java Heap base address is the
#     maximum limit for the native heap growth. Please use -XX:HeapBaseMinAddress
#     to set the Java Heap base and to place the Java Heap above 4GB virtual address.
# This output file may be truncated or incomplete.
#
#  Out of Memory Error (arena.cpp:168), pid=12244, tid=21456
#
# JRE version: Java(TM) SE Runtime Environment (21.0.5+9) (build 21.0.5+9-LTS-239)
# Java VM: Java HotSpot(TM) 64-Bit Server VM (21.0.5+9-LTS-239, mixed mode, sharing, tiered, compressed oops, compressed class ptrs, g1 gc, windows-amd64)
# No core dump will be written. Minidumps are not enabled by default on client versions of Windows
#

---------------  S U M M A R Y ------------

Command Line: -Dclassworlds.conf=F:\Internship\springboot\Test\apache-maven-3.9.9\bin\m2.conf -Dmaven.home=F:\Internship\springboot\Test\apache-maven-3.9.9 -Dlibrary.jansi.path=F:\Internship\springboot\Test\apache-maven-3.9.9\lib\jansi-native -Dmaven.multiModuleProjectDirectory=F:\Internship\springboot\Test\SchoolManagement org.codehaus.plexus.classworlds.launcher.Launcher clean install

Host: Intel(R) Core(TM) i3-1005G1 CPU @ 1.20GHz, 4 cores, 3G,  Windows 11 , 64 bit Build 22621 (10.0.22621.4391)
Time: Thu Dec 12 19:20:03 2024 India Standard Time elapsed time: 3.904013 seconds (0d 0h 0m 3s)

---------------  T H R E A D  ---------------

Current thread (0x0000018966cfd260):  JavaThread "C2 CompilerThread0" daemon [_thread_in_native, id=21456, stack(0x00000053e6900000,0x00000053e6a00000) (1024K)]


Current CompileTask:
C2:   3904 4029   !   4       org.codehaus.plexus.interpolation.StringSearchInterpolator::interpolate (668 bytes)

Stack: [0x00000053e6900000,0x00000053e6a00000]
Native frames: (J=compiled Java code, j=interpreted, Vv=VM code, C=native code)
V  [jvm.dll+0x6ca289]
V  [jvm.dll+0x854a51]
V  [jvm.dll+0x856f7e]
V  [jvm.dll+0x857653]
V  [jvm.dll+0x27dd26]
V  [jvm.dll+0xc4c2d]
V  [jvm.dll+0xc5163]
V  [jvm.dll+0x3b4d3c]
V  [jvm.dll+0x3814b5]
V  [jvm.dll+0x38092a]
V  [jvm.dll+0x246910]
V  [jvm.dll+0x245eef]
V  [jvm.dll+0x1c6d0e]
V  [jvm.dll+0x2554d9]
V  [jvm.dll+0x253a6a]
V  [jvm.dll+0x3ee136]
V  [jvm.dll+0x7fee9b]
V  [jvm.dll+0x6c896d]
C  [ucrtbase.dll+0x29333]
C  [KERNEL32.DLL+0x1259d]
C  [ntdll.dll+0x5af38]


---------------  P R O C E S S  ---------------

Threads class SMR info:
_java_thread_list=0x000001896bf0e9c0, length=12, elements={
0x000001894a0b0a90, 0x0000018966cca860, 0x0000018966ccc870, 0x0000018966ccf2c0,
0x0000018966cd0000, 0x0000018966cd3a70, 0x0000018966cdc4d0, 0x0000018966cfd260,
0x0000018966d16160, 0x000001896b0abf60, 0x000001896b0aeba0, 0x000001896bbeb840
}

Java Threads: ( => current thread )
  0x000001894a0b0a90 JavaThread "main"                              [_thread_in_Java, id=15496, stack(0x00000053e5b00000,0x00000053e5c00000) (1024K)]
  0x0000018966cca860 JavaThread "Reference Handler"          daemon [_thread_blocked, id=18744, stack(0x00000053e6300000,0x00000053e6400000) (1024K)]
  0x0000018966ccc870 JavaThread "Finalizer"                  daemon [_thread_blocked, id=17696, stack(0x00000053e6400000,0x00000053e6500000) (1024K)]
  0x0000018966ccf2c0 JavaThread "Signal Dispatcher"          daemon [_thread_blocked, id=9980, stack(0x00000053e6500000,0x00000053e6600000) (1024K)]
  0x0000018966cd0000 JavaThread "Attach Listener"            daemon [_thread_blocked, id=11852, stack(0x00000053e6600000,0x00000053e6700000) (1024K)]
  0x0000018966cd3a70 JavaThread "Service Thread"             daemon [_thread_blocked, id=16440, stack(0x00000053e6700000,0x00000053e6800000) (1024K)]
  0x0000018966cdc4d0 JavaThread "Monitor Deflation Thread"   daemon [_thread_blocked, id=2564, stack(0x00000053e6800000,0x00000053e6900000) (1024K)]
=>0x0000018966cfd260 JavaThread "C2 CompilerThread0"         daemon [_thread_in_native, id=21456, stack(0x00000053e6900000,0x00000053e6a00000) (1024K)]
  0x0000018966d16160 JavaThread "C1 CompilerThread0"         daemon [_thread_blocked, id=14280, stack(0x00000053e6a00000,0x00000053e6b00000) (1024K)]
  0x000001896b0abf60 JavaThread "Notification Thread"        daemon [_thread_blocked, id=14440, stack(0x00000053e6b00000,0x00000053e6c00000) (1024K)]
  0x000001896b0aeba0 JavaThread "Common-Cleaner"             daemon [_thread_blocked, id=23224, stack(0x00000053e6c00000,0x00000053e6d00000) (1024K)]
  0x000001896bbeb840 JavaThread "Thread-1"                   daemon [_thread_blocked, id=2372, stack(0x00000053e7000000,0x00000053e7100000) (1024K)]
Total: 12

Other Threads:
  0x000001894a2762e0 VMThread "VM Thread"                           [id=22704, stack(0x00000053e6200000,0x00000053e6300000) (1024K)]
  0x0000018966cbc0d0 WatcherThread "VM Periodic Task Thread"        [id=14700, stack(0x00000053e6100000,0x00000053e6200000) (1024K)]
  0x000001894a1ee130 WorkerThread "GC Thread#0"                     [id=10532, stack(0x00000053e5c00000,0x00000053e5d00000) (1024K)]
  0x000001896b547fe0 WorkerThread "GC Thread#1"                     [id=12108, stack(0x00000053e6d00000,0x00000053e6e00000) (1024K)]
  0x000001896b5c75f0 WorkerThread "GC Thread#2"                     [id=21472, stack(0x00000053e6e00000,0x00000053e6f00000) (1024K)]
  0x000001896b62b200 WorkerThread "GC Thread#3"                     [id=19968, stack(0x00000053e6f00000,0x00000053e7000000) (1024K)]
  0x000001894a1f7660 ConcurrentGCThread "G1 Main Marker"            [id=7328, stack(0x00000053e5d00000,0x00000053e5e00000) (1024K)]
  0x000001894a1f8310 WorkerThread "G1 Conc#0"                       [id=8664, stack(0x00000053e5e00000,0x00000053e5f00000) (1024K)]
  0x000001894a255710 ConcurrentGCThread "G1 Refine#0"               [id=8652, stack(0x00000053e5f00000,0x00000053e6000000) (1024K)]
  0x000001894a256280 ConcurrentGCThread "G1 Service"                [id=22088, stack(0x00000053e6000000,0x00000053e6100000) (1024K)]
Total: 10

Threads with active compile tasks:
C2 CompilerThread0     3945 4029   !   4       org.codehaus.plexus.interpolation.StringSearchInterpolator::interpolate (668 bytes)
Total: 1

VM state: not at safepoint (normal execution)

VM Mutex/Monitor currently owned by a thread: None

Heap address: 0x00000000c3600000, size: 970 MB, Compressed Oops mode: 32-bit

CDS archive(s) mapped at: [0x0000018900000000-0x0000018900c90000-0x0000018900c90000), size 13172736, SharedBaseAddress: 0x0000018900000000, ArchiveRelocationMode: 1.
Compressed class space mapped at: 0x0000018901000000-0x0000018941000000, reserved size: 1073741824
Narrow klass base: 0x0000018900000000, Narrow klass shift: 0, Narrow klass range: 0x100000000

GC Precious Log:
 CardTable entry size: 512
 Card Set container configuration: InlinePtr #cards 5 size 8 Array Of Cards #cards 12 size 40 Howl #buckets 4 coarsen threshold 1843 Howl Bitmap #cards 512 size 80 coarsen threshold 460 Card regions per heap region 1 cards per card region 2048
 CPUs: 4 total, 4 available
 Memory: 3877M
 Large Page Support: Disabled
 NUMA Support: Disabled
 Compressed Oops: Enabled (32-bit)
 Heap Region Size: 1M
 Heap Min Capacity: 8M
 Heap Initial Capacity: 62M
 Heap Max Capacity: 970M
 Pre-touch: Disabled
 Parallel Workers: 4
 Concurrent Workers: 1
 Concurrent Refinement Workers: 4
 Periodic GC: Disabled

Heap:
 garbage-first heap   total 63488K, used 43571K [0x00000000c3600000, 0x0000000100000000)
  region size 1024K, 37 young (37888K), 5 survivors (5120K)
 Metaspace       used 16118K, committed 16384K, reserved 1114112K
  class space    used 1854K, committed 1984K, reserved 1048576K

Heap Regions: E=young(eden), S=young(survivor), O=old, HS=humongous(starts), HC=humongous(continues), CS=collection set, F=free, TAMS=top-at-mark-start, PB=parsable bottom
|   0|0x00000000c3600000, 0x00000000c3700000, 0x00000000c3700000|100%| O|  |TAMS 0x00000000c3600000| PB 0x00000000c3600000| Untracked 
|   1|0x00000000c3700000, 0x00000000c3800000, 0x00000000c3800000|100%| O|  |TAMS 0x00000000c3700000| PB 0x00000000c3700000| Untracked 
|   2|0x00000000c3800000, 0x00000000c3900000, 0x00000000c3900000|100%| O|  |TAMS 0x00000000c3800000| PB 0x00000000c3800000| Untracked 
|   3|0x00000000c3900000, 0x00000000c3a00000, 0x00000000c3a00000|100%| O|  |TAMS 0x00000000c3900000| PB 0x00000000c3900000| Untracked 
|   4|0x00000000c3a00000, 0x00000000c3b00000, 0x00000000c3b00000|100%| O|  |TAMS 0x00000000c3a00000| PB 0x00000000c3a00000| Untracked 
|   5|0x00000000c3b00000, 0x00000000c3c00000, 0x00000000c3c00000|100%| O|  |TAMS 0x00000000c3b00000| PB 0x00000000c3b00000| Untracked 
|   6|0x00000000c3c00000, 0x00000000c3c8cf48, 0x00000000c3d00000| 55%| O|  |TAMS 0x00000000c3c00000| PB 0x00000000c3c00000| Untracked 
|   7|0x00000000c3d00000, 0x00000000c3d00000, 0x00000000c3e00000|  0%| F|  |TAMS 0x00000000c3d00000| PB 0x00000000c3d00000| Untracked 
|   8|0x00000000c3e00000, 0x00000000c3e00000, 0x00000000c3f00000|  0%| F|  |TAMS 0x00000000c3e00000| PB 0x00000000c3e00000| Untracked 
|   9|0x00000000c3f00000, 0x00000000c3f00000, 0x00000000c4000000|  0%| F|  |TAMS 0x00000000c3f00000| PB 0x00000000c3f00000| Untracked 
|  10|0x00000000c4000000, 0x00000000c4000000, 0x00000000c4100000|  0%| F|  |TAMS 0x00000000c4000000| PB 0x00000000c4000000| Untracked 
|  11|0x00000000c4100000, 0x00000000c4100000, 0x00000000c4200000|  0%| F|  |TAMS 0x00000000c4100000| PB 0x00000000c4100000| Untracked 
|  12|0x00000000c4200000, 0x00000000c4200000, 0x00000000c4300000|  0%| F|  |TAMS 0x00000000c4200000| PB 0x00000000c4200000| Untracked 
|  13|0x00000000c4300000, 0x00000000c4300000, 0x00000000c4400000|  0%| F|  |TAMS 0x00000000c4300000| PB 0x00000000c4300000| Untracked 
|  14|0x00000000c4400000, 0x00000000c4400000, 0x00000000c4500000|  0%| F|  |TAMS 0x00000000c4400000| PB 0x00000000c4400000| Untracked 
|  15|0x00000000c4500000, 0x00000000c4500000, 0x00000000c4600000|  0%| F|  |TAMS 0x00000000c4500000| PB 0x00000000c4500000| Untracked 
|  16|0x00000000c4600000, 0x00000000c4600000, 0x00000000c4700000|  0%| F|  |TAMS 0x00000000c4600000| PB 0x00000000c4600000| Untracked 
|  17|0x00000000c4700000, 0x00000000c4700000, 0x00000000c4800000|  0%| F|  |TAMS 0x00000000c4700000| PB 0x00000000c4700000| Untracked 
|  18|0x00000000c4800000, 0x00000000c4800000, 0x00000000c4900000|  0%| F|  |TAMS 0x00000000c4800000| PB 0x00000000c4800000| Untracked 
|  19|0x00000000c4900000, 0x00000000c4900000, 0x00000000c4a00000|  0%| F|  |TAMS 0x00000000c4900000| PB 0x00000000c4900000| Untracked 
|  20|0x00000000c4a00000, 0x00000000c4b00000, 0x00000000c4b00000|100%| S|CS|TAMS 0x00000000c4a00000| PB 0x00000000c4a00000| Complete 
|  21|0x00000000c4b00000, 0x00000000c4b00000, 0x00000000c4c00000|  0%| F|  |TAMS 0x00000000c4b00000| PB 0x00000000c4b00000| Untracked 
|  22|0x00000000c4c00000, 0x00000000c4c00000, 0x00000000c4d00000|  0%| F|  |TAMS 0x00000000c4c00000| PB 0x00000000c4c00000| Untracked 
|  23|0x00000000c4d00000, 0x00000000c4d00000, 0x00000000c4e00000|  0%| F|  |TAMS 0x00000000c4d00000| PB 0x00000000c4d00000| Untracked 
|  24|0x00000000c4e00000, 0x00000000c4e00000, 0x00000000c4f00000|  0%| F|  |TAMS 0x00000000c4e00000| PB 0x00000000c4e00000| Untracked 
|  25|0x00000000c4f00000, 0x00000000c5000000, 0x00000000c5000000|100%| S|CS|TAMS 0x00000000c4f00000| PB 0x00000000c4f00000| Complete 
|  26|0x00000000c5000000, 0x00000000c5100000, 0x00000000c5100000|100%| S|CS|TAMS 0x00000000c5000000| PB 0x00000000c5000000| Complete 
|  27|0x00000000c5100000, 0x00000000c5200000, 0x00000000c5200000|100%| S|CS|TAMS 0x00000000c5100000| PB 0x00000000c5100000| Complete 
|  28|0x00000000c5200000, 0x00000000c5300000, 0x00000000c5300000|100%| S|CS|TAMS 0x00000000c5200000| PB 0x00000000c5200000| Complete 
|  29|0x00000000c5300000, 0x00000000c5300000, 0x00000000c5400000|  0%| F|  |TAMS 0x00000000c5300000| PB 0x00000000c5300000| Untracked 
|  30|0x00000000c5400000, 0x00000000c5480800, 0x00000000c5500000| 50%| E|  |TAMS 0x00000000c5400000| PB 0x00000000c5400000| Complete 
|  31|0x00000000c5500000, 0x00000000c5600000, 0x00000000c5600000|100%| E|CS|TAMS 0x00000000c5500000| PB 0x00000000c5500000| Complete 
|  32|0x00000000c5600000, 0x00000000c5700000, 0x00000000c5700000|100%| E|CS|TAMS 0x00000000c5600000| PB 0x00000000c5600000| Complete 
|  33|0x00000000c5700000, 0x00000000c5800000, 0x00000000c5800000|100%| E|CS|TAMS 0x00000000c5700000| PB 0x00000000c5700000| Complete 
|  34|0x00000000c5800000, 0x00000000c5900000, 0x00000000c5900000|100%| E|CS|TAMS 0x00000000c5800000| PB 0x00000000c5800000| Complete 
|  35|0x00000000c5900000, 0x00000000c5a00000, 0x00000000c5a00000|100%| E|CS|TAMS 0x00000000c5900000| PB 0x00000000c5900000| Complete 
|  36|0x00000000c5a00000, 0x00000000c5b00000, 0x00000000c5b00000|100%| E|CS|TAMS 0x00000000c5a00000| PB 0x00000000c5a00000| Complete 
|  37|0x00000000c5b00000, 0x00000000c5c00000, 0x00000000c5c00000|100%| E|CS|TAMS 0x00000000c5b00000| PB 0x00000000c5b00000| Complete 
|  38|0x00000000c5c00000, 0x00000000c5d00000, 0x00000000c5d00000|100%| E|CS|TAMS 0x00000000c5c00000| PB 0x00000000c5c00000| Complete 
|  39|0x00000000c5d00000, 0x00000000c5e00000, 0x00000000c5e00000|100%| E|CS|TAMS 0x00000000c5d00000| PB 0x00000000c5d00000| Complete 
|  40|0x00000000c5e00000, 0x00000000c5f00000, 0x00000000c5f00000|100%| E|CS|TAMS 0x00000000c5e00000| PB 0x00000000c5e00000| Complete 
|  41|0x00000000c5f00000, 0x00000000c6000000, 0x00000000c6000000|100%| E|CS|TAMS 0x00000000c5f00000| PB 0x00000000c5f00000| Complete 
|  42|0x00000000c6000000, 0x00000000c6100000, 0x00000000c6100000|100%| E|CS|TAMS 0x00000000c6000000| PB 0x00000000c6000000| Complete 
|  43|0x00000000c6100000, 0x00000000c6200000, 0x00000000c6200000|100%| E|CS|TAMS 0x00000000c6100000| PB 0x00000000c6100000| Complete 
|  44|0x00000000c6200000, 0x00000000c6300000, 0x00000000c6300000|100%| E|CS|TAMS 0x00000000c6200000| PB 0x00000000c6200000| Complete 
|  45|0x00000000c6300000, 0x00000000c6400000, 0x00000000c6400000|100%| E|CS|TAMS 0x00000000c6300000| PB 0x00000000c6300000| Complete 
|  46|0x00000000c6400000, 0x00000000c6500000, 0x00000000c6500000|100%| E|CS|TAMS 0x00000000c6400000| PB 0x00000000c6400000| Complete 
|  47|0x00000000c6500000, 0x00000000c6600000, 0x00000000c6600000|100%| E|CS|TAMS 0x00000000c6500000| PB 0x00000000c6500000| Complete 
|  48|0x00000000c6600000, 0x00000000c6700000, 0x00000000c6700000|100%| E|CS|TAMS 0x00000000c6600000| PB 0x00000000c6600000| Complete 
|  49|0x00000000c6700000, 0x00000000c6800000, 0x00000000c6800000|100%| E|CS|TAMS 0x00000000c6700000| PB 0x00000000c6700000| Complete 
|  50|0x00000000c6800000, 0x00000000c6900000, 0x00000000c6900000|100%| E|CS|TAMS 0x00000000c6800000| PB 0x00000000c6800000| Complete 
|  51|0x00000000c6900000, 0x00000000c6a00000, 0x00000000c6a00000|100%| E|CS|TAMS 0x00000000c6900000| PB 0x00000000c6900000| Complete 
|  52|0x00000000c6a00000, 0x00000000c6b00000, 0x00000000c6b00000|100%| E|CS|TAMS 0x00000000c6a00000| PB 0x00000000c6a00000| Complete 
|  53|0x00000000c6b00000, 0x00000000c6c00000, 0x00000000c6c00000|100%| E|CS|TAMS 0x00000000c6b00000| PB 0x00000000c6b00000| Complete 
|  54|0x00000000c6c00000, 0x00000000c6d00000, 0x00000000c6d00000|100%| E|CS|TAMS 0x00000000c6c00000| PB 0x00000000c6c00000| Complete 
|  55|0x00000000c6d00000, 0x00000000c6e00000, 0x00000000c6e00000|100%| E|CS|TAMS 0x00000000c6d00000| PB 0x00000000c6d00000| Complete 
|  56|0x00000000c6e00000, 0x00000000c6f00000, 0x00000000c6f00000|100%| E|CS|TAMS 0x00000000c6e00000| PB 0x00000000c6e00000| Complete 
|  57|0x00000000c6f00000, 0x00000000c7000000, 0x00000000c7000000|100%| E|CS|TAMS 0x00000000c6f00000| PB 0x00000000c6f00000| Complete 
|  58|0x00000000c7000000, 0x00000000c7100000, 0x00000000c7100000|100%| E|CS|TAMS 0x00000000c7000000| PB 0x00000000c7000000| Complete 
|  59|0x00000000c7100000, 0x00000000c7200000, 0x00000000c7200000|100%| E|CS|TAMS 0x00000000c7100000| PB 0x00000000c7100000| Complete 
|  60|0x00000000c7200000, 0x00000000c7300000, 0x00000000c7300000|100%| E|CS|TAMS 0x00000000c7200000| PB 0x00000000c7200000| Complete 
|  61|0x00000000c7300000, 0x00000000c7400000, 0x00000000c7400000|100%| E|CS|TAMS 0x00000000c7300000| PB 0x00000000c7300000| Complete 

Card table byte_map: [0x0000018963640000,0x0000018963830000] _byte_map_base: 0x0000018963025000

Marking Bits: (CMBitMap*) 0x000001894a1ee830
 Bits: [0x0000018963830000, 0x0000018964758000)

Polling page: 0x000001894a050000

Metaspace:

Usage:
  Non-class:     13.93 MB used.
      Class:      1.81 MB used.
       Both:     15.74 MB used.

Virtual space:
  Non-class space:       64.00 MB reserved,      14.06 MB ( 22%) committed,  1 nodes.
      Class space:        1.00 GB reserved,       1.94 MB ( <1%) committed,  1 nodes.
             Both:        1.06 GB reserved,      16.00 MB (  1%) committed. 

Chunk freelists:
   Non-Class:  1.64 MB
       Class:  13.92 MB
        Both:  15.56 MB

MaxMetaspaceSize: unlimited
CompressedClassSpaceSize: 1.00 GB
Initial GC threshold: 21.00 MB
Current GC threshold: 21.00 MB
CDS: on
 - commit_granule_bytes: 65536.
 - commit_granule_words: 8192.
 - virtual_space_node_default_size: 8388608.
 - enlarge_chunks_in_place: 1.
 - use_allocation_guard: 0.


Internal statistics:

num_allocs_failed_limit: 0.
num_arena_births: 180.
num_arena_deaths: 0.
num_vsnodes_births: 2.
num_vsnodes_deaths: 0.
num_space_committed: 256.
num_space_uncommitted: 0.
num_chunks_returned_to_freelist: 0.
num_chunks_taken_from_freelist: 704.
num_chunk_merges: 0.
num_chunk_splits: 498.
num_chunks_enlarged: 413.
num_inconsistent_stats: 0.

CodeHeap 'non-profiled nmethods': size=120000Kb used=1682Kb max_used=1682Kb free=118317Kb
 bounds [0x000001895b900000, 0x000001895bb70000, 0x0000018962e30000]
CodeHeap 'profiled nmethods': size=120000Kb used=8159Kb max_used=8159Kb free=111840Kb
 bounds [0x0000018953e30000, 0x0000018954630000, 0x000001895b360000]
CodeHeap 'non-nmethods': size=5760Kb used=1540Kb max_used=1571Kb free=4219Kb
 bounds [0x000001895b360000, 0x000001895b5d0000, 0x000001895b900000]
 total_blobs=4593 nmethods=4101 adapters=396
 compilation: enabled
              stopped_count=0, restarted_count=0
 full_count=0

Compilation events (20 events):
Event: 3.882 Thread 0x0000018966d16160 nmethod 4076 0x000001895baa2910 code [0x000001895baa2aa0, 0x000001895baa2b68]
Event: 3.882 Thread 0x0000018966d16160 4077       3       java.util.LinkedHashMap::sequencedKeySet (31 bytes)
Event: 3.882 Thread 0x0000018966d16160 nmethod 4077 0x0000018954610c90 code [0x0000018954610e60, 0x0000018954611368]
Event: 3.882 Thread 0x0000018966d16160 4078       1       org.eclipse.aether.util.version.GenericVersion::toString (5 bytes)
Event: 3.882 Thread 0x0000018966d16160 nmethod 4078 0x000001895baa2c10 code [0x000001895baa2da0, 0x000001895baa2e68]
Event: 3.885 Thread 0x0000018966d16160 4079   !   3       java.nio.channels.spi.AbstractInterruptibleChannel::close (37 bytes)
Event: 3.885 Thread 0x0000018966d16160 nmethod 4079 0x0000018954611510 code [0x00000189546116c0, 0x00000189546119b0]
Event: 3.885 Thread 0x0000018966d16160 4080  s!   3       java.io.FileDescriptor::closeAll (163 bytes)
Event: 3.886 Thread 0x0000018966d16160 nmethod 4080 0x0000018954611b10 code [0x0000018954611da0, 0x0000018954612c20]
Event: 3.888 Thread 0x0000018966d16160 4081       3       java.lang.invoke.LambdaForm$MH/0x0000018901201000::invoke (42 bytes)
Event: 3.889 Thread 0x0000018966d16160 nmethod 4081 0x0000018954613290 code [0x00000189546134c0, 0x0000018954613e30]
Event: 3.889 Thread 0x0000018966d16160 4082       3       org.eclipse.aether.resolution.ArtifactDescriptorResult::addDependency (40 bytes)
Event: 3.889 Thread 0x0000018966d16160 nmethod 4082 0x0000018954614090 code [0x0000018954614280, 0x0000018954614868]
Event: 3.889 Thread 0x0000018966d16160 4083       1       org.eclipse.aether.internal.impl.collect.DataPool$DescriptorKey::hashCode (5 bytes)
Event: 3.889 Thread 0x0000018966d16160 nmethod 4083 0x000001895baa2f10 code [0x000001895baa30a0, 0x000001895baa3168]
Event: 3.889 Thread 0x0000018966d16160 4084       1       org.eclipse.aether.resolution.ArtifactDescriptorResult::getAliases (5 bytes)
Event: 3.889 Thread 0x0000018966d16160 nmethod 4084 0x000001895baa3210 code [0x000001895baa33a0, 0x000001895baa3468]
Event: 3.890 Thread 0x0000018966d16160 4085       3       org.eclipse.aether.DefaultRepositorySystemSession::getLocalRepository (20 bytes)
Event: 3.890 Thread 0x0000018966d16160 nmethod 4085 0x0000018954614a10 code [0x0000018954614bc0, 0x0000018954614e20]
Event: 3.895 Thread 0x0000018966d16160 4086   !   3       org.apache.maven.model.Reporting::clone (137 bytes)

GC Heap History (8 events):
Event: 0.621 GC heap before
{Heap before GC invocations=0 (full 0):
 garbage-first heap   total 63488K, used 13312K [0x00000000c3600000, 0x0000000100000000)
  region size 1024K, 13 young (13312K), 0 survivors (0K)
 Metaspace       used 3753K, committed 3968K, reserved 1114112K
  class space    used 382K, committed 512K, reserved 1048576K
}
Event: 0.632 GC heap after
{Heap after GC invocations=1 (full 0):
 garbage-first heap   total 63488K, used 3279K [0x00000000c3600000, 0x0000000100000000)
  region size 1024K, 2 young (2048K), 2 survivors (2048K)
 Metaspace       used 3753K, committed 3968K, reserved 1114112K
  class space    used 382K, committed 512K, reserved 1048576K
}
Event: 1.249 GC heap before
{Heap before GC invocations=1 (full 0):
 garbage-first heap   total 63488K, used 19663K [0x00000000c3600000, 0x0000000100000000)
  region size 1024K, 18 young (18432K), 2 survivors (2048K)
 Metaspace       used 6322K, committed 6528K, reserved 1114112K
  class space    used 729K, committed 832K, reserved 1048576K
}
Event: 1.254 GC heap after
{Heap after GC invocations=2 (full 0):
 garbage-first heap   total 63488K, used 4387K [0x00000000c3600000, 0x0000000100000000)
  region size 1024K, 1 young (1024K), 1 survivors (1024K)
 Metaspace       used 6322K, committed 6528K, reserved 1114112K
  class space    used 729K, committed 832K, reserved 1048576K
}
Event: 2.184 GC heap before
{Heap before GC invocations=2 (full 0):
 garbage-first heap   total 63488K, used 40227K [0x00000000c3600000, 0x0000000100000000)
  region size 1024K, 37 young (37888K), 1 survivors (1024K)
 Metaspace       used 12434K, committed 12608K, reserved 1114112K
  class space    used 1495K, committed 1600K, reserved 1048576K
}
Event: 2.190 GC heap after
{Heap after GC invocations=3 (full 0):
 garbage-first heap   total 63488K, used 6785K [0x00000000c3600000, 0x0000000100000000)
  region size 1024K, 4 young (4096K), 4 survivors (4096K)
 Metaspace       used 12434K, committed 12608K, reserved 1114112K
  class space    used 1495K, committed 1600K, reserved 1048576K
}
Event: 3.096 GC heap before
{Heap before GC invocations=3 (full 0):
 garbage-first heap   total 63488K, used 40577K [0x00000000c3600000, 0x0000000100000000)
  region size 1024K, 37 young (37888K), 4 survivors (4096K)
 Metaspace       used 15706K, committed 15936K, reserved 1114112K
  class space    used 1827K, committed 1920K, reserved 1048576K
}
Event: 3.111 GC heap after
{Heap after GC invocations=4 (full 0):
 garbage-first heap   total 63488K, used 11827K [0x00000000c3600000, 0x0000000100000000)
  region size 1024K, 5 young (5120K), 5 survivors (5120K)
 Metaspace       used 15706K, committed 15936K, reserved 1114112K
  class space    used 1827K, committed 1920K, reserved 1048576K
}

Dll operation events (8 events):
Event: 0.010 Loaded shared library C:\Program Files\Java\jdk-21\bin\java.dll
Event: 0.048 Loaded shared library C:\Program Files\Java\jdk-21\bin\jsvml.dll
Event: 0.071 Loaded shared library C:\Program Files\Java\jdk-21\bin\net.dll
Event: 0.074 Loaded shared library C:\Program Files\Java\jdk-21\bin\nio.dll
Event: 0.078 Loaded shared library C:\Program Files\Java\jdk-21\bin\zip.dll
Event: 0.203 Loaded shared library C:\Program Files\Java\jdk-21\bin\jimage.dll
Event: 0.204 Loaded shared library F:\Internship\springboot\Test\apache-maven-3.9.9\lib\jansi-native\Windows\x86_64\jansi.dll
Event: 0.223 Loaded shared library C:\Program Files\Java\jdk-21\bin\verify.dll

Deoptimization events (20 events):
Event: 3.663 Thread 0x000001894a0b0a90 DEOPT PACKING pc=0x000001895ba8c5d0 sp=0x00000053e5bfc950
Event: 3.663 Thread 0x000001894a0b0a90 DEOPT UNPACKING pc=0x000001895b3b7da2 sp=0x00000053e5bfc8e0 mode 2
Event: 3.701 Thread 0x000001894a0b0a90 Uncommon trap: trap_request=0xffffffbe fr.pc=0x000001895ba98470 relative=0x0000000000000bf0
Event: 3.701 Thread 0x000001894a0b0a90 Uncommon trap: reason=profile_predicate action=maybe_recompile pc=0x000001895ba98470 method=java.util.regex.Pattern$CharPropertyGreedy.match(Ljava/util/regex/Matcher;ILjava/lang/CharSequence;)Z @ 103 c2
Event: 3.701 Thread 0x000001894a0b0a90 DEOPT PACKING pc=0x000001895ba98470 sp=0x00000053e5bfd3b0
Event: 3.701 Thread 0x000001894a0b0a90 DEOPT UNPACKING pc=0x000001895b3b7da2 sp=0x00000053e5bfd340 mode 2
Event: 3.704 Thread 0x000001894a0b0a90 Uncommon trap: trap_request=0xffffffbe fr.pc=0x000001895ba98470 relative=0x0000000000000bf0
Event: 3.704 Thread 0x000001894a0b0a90 Uncommon trap: reason=profile_predicate action=maybe_recompile pc=0x000001895ba98470 method=java.util.regex.Pattern$CharPropertyGreedy.match(Ljava/util/regex/Matcher;ILjava/lang/CharSequence;)Z @ 103 c2
Event: 3.704 Thread 0x000001894a0b0a90 DEOPT PACKING pc=0x000001895ba98470 sp=0x00000053e5bfd450
Event: 3.704 Thread 0x000001894a0b0a90 DEOPT UNPACKING pc=0x000001895b3b7da2 sp=0x00000053e5bfd3e0 mode 2
Event: 3.717 Thread 0x000001894a0b0a90 Uncommon trap: trap_request=0xffffff45 fr.pc=0x000001895ba6555c relative=0x000000000000005c
Event: 3.717 Thread 0x000001894a0b0a90 Uncommon trap: reason=unstable_if action=reinterpret pc=0x000001895ba6555c method=org.codehaus.plexus.util.xml.pull.MXParser.isValidCodePoint(I)Z @ 3 c2
Event: 3.717 Thread 0x000001894a0b0a90 DEOPT PACKING pc=0x000001895ba6555c sp=0x00000053e5bfca60
Event: 3.717 Thread 0x000001894a0b0a90 DEOPT UNPACKING pc=0x000001895b3b7da2 sp=0x00000053e5bfc9f0 mode 2
Event: 3.768 Thread 0x000001894a0b0a90 Uncommon trap: trap_request=0xffffffde fr.pc=0x000001895b9495b8 relative=0x0000000000000e58
Event: 3.768 Thread 0x000001894a0b0a90 Uncommon trap: reason=class_check action=maybe_recompile pc=0x000001895b9495b8 method=java.util.concurrent.ConcurrentHashMap.putVal(Ljava/lang/Object;Ljava/lang/Object;Z)Ljava/lang/Object; @ 242 c2
Event: 3.768 Thread 0x000001894a0b0a90 DEOPT PACKING pc=0x000001895b9495b8 sp=0x00000053e5bfcf80
Event: 3.768 Thread 0x000001894a0b0a90 DEOPT UNPACKING pc=0x000001895b3b7da2 sp=0x00000053e5bfcef0 mode 2
Event: 3.774 Thread 0x000001894a0b0a90 DEOPT PACKING pc=0x00000189545269e5 sp=0x00000053e5bfca90
Event: 3.774 Thread 0x000001894a0b0a90 DEOPT UNPACKING pc=0x000001895b3b88e2 sp=0x00000053e5bfbfc8 mode 0

Classes loaded (20 events):
Event: 2.561 Loading class java/util/spi/ResourceBundleProvider
Event: 2.561 Loading class java/util/spi/ResourceBundleProvider done
Event: 2.561 Loading class sun/util/resources/LocaleData$LocaleDataResourceBundleProvider done
Event: 2.561 Loading class sun/util/resources/LocaleData$CommonResourceBundleProvider done
Event: 2.561 Loading class sun/util/resources/Bundles$2
Event: 2.561 Loading class sun/util/resources/Bundles$2 done
Event: 2.587 Loading class java/util/StringTokenizer
Event: 2.588 Loading class java/util/StringTokenizer done
Event: 2.669 Loading class java/util/stream/Streams$RangeIntSpliterator
Event: 2.669 Loading class java/util/stream/Streams$RangeIntSpliterator done
Event: 3.047 Loading class java/util/stream/MatchOps$MatchKind
Event: 3.047 Loading class java/util/stream/MatchOps$MatchKind done
Event: 3.047 Loading class java/util/stream/MatchOps
Event: 3.048 Loading class java/util/stream/MatchOps done
Event: 3.048 Loading class java/util/stream/MatchOps$MatchOp
Event: 3.048 Loading class java/util/stream/MatchOps$MatchOp done
Event: 3.048 Loading class java/util/stream/MatchOps$BooleanTerminalSink
Event: 3.048 Loading class java/util/stream/MatchOps$BooleanTerminalSink done
Event: 3.049 Loading class java/util/stream/MatchOps$1MatchSink
Event: 3.050 Loading class java/util/stream/MatchOps$1MatchSink done

Classes unloaded (0 events):
No events

Classes redefined (0 events):
No events

Internal exceptions (20 events):
Event: 1.943 Thread 0x000001894a0b0a90 Exception <a 'java/lang/NoSuchMethodError'{0x00000000c578c7a0}: 'long java.lang.invoke.DirectMethodHandle$Holder.invokeStatic(java.lang.Object, java.lang.Object, int)'> (0x00000000c578c7a0) 
thrown [s\open\src\hotspot\share\interpreter\linkResolver.cpp, line 773]
Event: 1.945 Thread 0x000001894a0b0a90 Exception <a 'java/lang/NoSuchMethodError'{0x00000000c579f878}: 'java.lang.Object java.lang.invoke.DirectMethodHandle$Holder.invokeStatic(java.lang.Object, java.lang.Object, java.lang.Object, java.lang.Object, int)'> (0x00000000c579f878) 
thrown [s\open\src\hotspot\share\interpreter\linkResolver.cpp, line 773]
Event: 1.946 Thread 0x000001894a0b0a90 Exception <a 'java/lang/NoSuchMethodError'{0x00000000c57a77b0}: 'java.lang.Object java.lang.invoke.DirectMethodHandle$Holder.invokeSpecial(java.lang.Object, java.lang.Object, java.lang.Object, java.lang.Object, long)'> (0x00000000c57a77b0) 
thrown [s\open\src\hotspot\share\interpreter\linkResolver.cpp, line 773]
Event: 1.948 Thread 0x000001894a0b0a90 Exception <a 'java/lang/NoSuchMethodError'{0x00000000c57b3528}: 'java.lang.Object java.lang.invoke.DirectMethodHandle$Holder.invokeSpecial(java.lang.Object, java.lang.Object, java.lang.Object, int, java.lang.Object)'> (0x00000000c57b3528) 
thrown [s\open\src\hotspot\share\interpreter\linkResolver.cpp, line 773]
Event: 1.949 Thread 0x000001894a0b0a90 Exception <a 'java/lang/NoSuchMethodError'{0x00000000c57bb7b0}: 'int java.lang.invoke.DirectMethodHandle$Holder.invokeSpecial(java.lang.Object, java.lang.Object, java.lang.Object, int)'> (0x00000000c57bb7b0) 
thrown [s\open\src\hotspot\share\interpreter\linkResolver.cpp, line 773]
Event: 1.953 Thread 0x000001894a0b0a90 Implicit null exception at 0x000001895b97eaba to 0x000001895b97ecb4
Event: 1.954 Thread 0x000001894a0b0a90 Exception <a 'java/lang/NoSuchMethodError'{0x00000000c57dfed8}: 'java.lang.Object java.lang.invoke.Invokers$Holder.invokeExact_MT(java.lang.Object, int, java.lang.Object)'> (0x00000000c57dfed8) 
thrown [s\open\src\hotspot\share\interpreter\linkResolver.cpp, line 773]
Event: 2.177 Thread 0x000001894a0b0a90 Exception <a 'java/lang/NoSuchMethodError'{0x00000000c4fd1e08}: 'void java.lang.invoke.Invokers$Holder.invokeExact_MT(java.lang.Object, java.lang.Object, java.lang.Object, java.lang.Object)'> (0x00000000c4fd1e08) 
thrown [s\open\src\hotspot\share\interpreter\linkResolver.cpp, line 773]
Event: 2.198 Thread 0x000001894a0b0a90 Exception <a 'java/lang/NoClassDefFoundError'{0x00000000c73807b0}: com/google/inject/servlet/ServletModuleTargetVisitor> (0x00000000c73807b0) 
thrown [s\open\src\hotspot\share\classfile\systemDictionary.cpp, line 301]
Event: 2.259 Thread 0x000001894a0b0a90 Exception <a 'java/lang/NoSuchMethodError'{0x00000000c7164e80}: 'void java.lang.invoke.DirectMethodHandle$Holder.invokeVirtual(java.lang.Object, java.lang.Object)'> (0x00000000c7164e80) 
thrown [s\open\src\hotspot\share\interpreter\linkResolver.cpp, line 773]
Event: 2.307 Thread 0x000001894a0b0a90 Exception <a 'java/lang/NoSuchMethodError'{0x00000000c71e44f8}: 'java.lang.Object java.lang.invoke.DirectMethodHandle$Holder.invokeStaticInit(java.lang.Object, int, int, int, int)'> (0x00000000c71e44f8) 
thrown [s\open\src\hotspot\share\interpreter\linkResolver.cpp, line 773]
Event: 2.487 Thread 0x000001894a0b0a90 Implicit null exception at 0x000001895b92e024 to 0x000001895b92e6f4
Event: 2.488 Thread 0x000001894a0b0a90 Implicit null exception at 0x000001895b93c620 to 0x000001895b93cce0
Event: 2.527 Thread 0x000001894a0b0a90 Exception <a 'java/lang/NoSuchMethodError'{0x00000000c6b0fd08}: 'void java.lang.invoke.DirectMethodHandle$Holder.invokeSpecial(java.lang.Object, java.lang.Object, java.lang.Object, java.lang.Object, java.lang.Object)'> (0x00000000c6b0fd08) 
thrown [s\open\src\hotspot\share\interpreter\linkResolver.cpp, line 773]
Event: 2.529 Thread 0x000001894a0b0a90 Exception <a 'java/lang/NoSuchMethodError'{0x00000000c6b25c58}: 'void java.lang.invoke.DirectMethodHandle$Holder.invokeSpecial(java.lang.Object, java.lang.Object, java.lang.Object, java.lang.Object, java.lang.Object, java.lang.Object)'> (0x00000000c6b25c58) 
thrown [s\open\src\hotspot\share\interpreter\linkResolver.cpp, line 773]
Event: 2.545 Thread 0x000001894a0b0a90 Exception <a 'java/lang/NoSuchMethodError'{0x00000000c6a20068}: 'java.lang.Object java.lang.invoke.DirectMethodHandle$Holder.invokeVirtual(java.lang.Object, java.lang.Object, java.lang.Object)'> (0x00000000c6a20068) 
thrown [s\open\src\hotspot\share\interpreter\linkResolver.cpp, line 773]
Event: 2.600 Thread 0x000001894a0b0a90 Exception <a 'java/lang/NoSuchMethodError'{0x00000000c69f5728}: 'void java.lang.invoke.DirectMethodHandle$Holder.invokeVirtual(java.lang.Object, java.lang.Object, int)'> (0x00000000c69f5728) 
thrown [s\open\src\hotspot\share\interpreter\linkResolver.cpp, line 773]
Event: 2.600 Thread 0x000001894a0b0a90 Exception <a 'java/lang/NoSuchMethodError'{0x00000000c69f94d8}: 'void java.lang.invoke.DirectMethodHandle$Holder.invokeSpecial(java.lang.Object, java.lang.Object, java.lang.Object, int)'> (0x00000000c69f94d8) 
thrown [s\open\src\hotspot\share\interpreter\linkResolver.cpp, line 773]
Event: 2.601 Thread 0x000001894a0b0a90 Exception <a 'java/lang/NoSuchMethodError'{0x00000000c69fcba8}: 'void java.lang.invoke.DelegatingMethodHandle$Holder.reinvoke_L(java.lang.Object, java.lang.Object, int)'> (0x00000000c69fcba8) 
thrown [s\open\src\hotspot\share\interpreter\linkResolver.cpp, line 773]
Event: 3.328 Thread 0x000001894a0b0a90 Exception <a 'java/lang/NoSuchMethodError'{0x00000000c6964b20}: 'int java.lang.invoke.DirectMethodHandle$Holder.invokeSpecialIFC(java.lang.Object, java.lang.Object, java.lang.Object, java.lang.Object)'> (0x00000000c6964b20) 
thrown [s\open\src\hotspot\share\interpreter\linkResolver.cpp, line 773]

ZGC Phase Switch (0 events):
No events

VM Operations (20 events):
Event: 2.172 Executing VM operation: HandshakeAllThreads (Deoptimize)
Event: 2.172 Executing VM operation: HandshakeAllThreads (Deoptimize) done
Event: 2.184 Executing VM operation: G1CollectForAllocation (G1 Evacuation Pause)
Event: 2.190 Executing VM operation: G1CollectForAllocation (G1 Evacuation Pause) done
Event: 2.270 Executing VM operation: HandshakeAllThreads (Deoptimize)
Event: 2.270 Executing VM operation: HandshakeAllThreads (Deoptimize) done
Event: 2.327 Executing VM operation: HandshakeAllThreads (Deoptimize)
Event: 2.327 Executing VM operation: HandshakeAllThreads (Deoptimize) done
Event: 2.368 Executing VM operation: HandshakeAllThreads (Deoptimize)
Event: 2.368 Executing VM operation: HandshakeAllThreads (Deoptimize) done
Event: 2.436 Executing VM operation: HandshakeAllThreads (Deoptimize)
Event: 2.436 Executing VM operation: HandshakeAllThreads (Deoptimize) done
Event: 2.575 Executing VM operation: ICBufferFull
Event: 2.575 Executing VM operation: ICBufferFull done
Event: 2.907 Executing VM operation: ICBufferFull
Event: 2.907 Executing VM operation: ICBufferFull done
Event: 3.096 Executing VM operation: G1CollectForAllocation (G1 Evacuation Pause)
Event: 3.111 Executing VM operation: G1CollectForAllocation (G1 Evacuation Pause) done
Event: 3.636 Executing VM operation: ICBufferFull
Event: 3.636 Executing VM operation: ICBufferFull done

Events (14 events):
Event: 0.028 Thread 0x000001894a0b0a90 Thread added: 0x000001894a0b0a90
Event: 0.043 Thread 0x0000018966cca860 Thread added: 0x0000018966cca860
Event: 0.044 Thread 0x0000018966ccc870 Thread added: 0x0000018966ccc870
Event: 0.045 Thread 0x0000018966ccf2c0 Thread added: 0x0000018966ccf2c0
Event: 0.045 Thread 0x0000018966cd0000 Thread added: 0x0000018966cd0000
Event: 0.045 Thread 0x0000018966cd3a70 Thread added: 0x0000018966cd3a70
Event: 0.045 Thread 0x0000018966cdc4d0 Thread added: 0x0000018966cdc4d0
Event: 0.045 Thread 0x0000018966cfd260 Thread added: 0x0000018966cfd260
Event: 0.045 Thread 0x0000018966d16160 Thread added: 0x0000018966d16160
Event: 0.066 Thread 0x000001896b0abf60 Thread added: 0x000001896b0abf60
Event: 0.068 Thread 0x000001896b0aeba0 Thread added: 0x000001896b0aeba0
Event: 0.199 Thread 0x000001896b1f3760 Thread added: 0x000001896b1f3760
Event: 0.247 Thread 0x000001896b1f3760 Thread exited: 0x000001896b1f3760
Event: 2.387 Thread 0x000001896bbeb840 Thread added: 0x000001896bbeb840


Dynamic libraries:
0x00007ff75be40000 - 0x00007ff75be50000 	C:\Program Files\Java\jdk-21\bin\java.exe
0x00007fff1f130000 - 0x00007fff1f347000 	C:\WINDOWS\SYSTEM32\ntdll.dll
0x00007fff1ddf0000 - 0x00007fff1deb4000 	C:\WINDOWS\System32\KERNEL32.DLL
0x00007fff1c4d0000 - 0x00007fff1c889000 	C:\WINDOWS\System32\KERNELBASE.dll
0x00007fff1c890000 - 0x00007fff1c9a1000 	C:\WINDOWS\System32\ucrtbase.dll
0x00007fff127d0000 - 0x00007fff127eb000 	C:\Program Files\Java\jdk-21\bin\VCRUNTIME140.dll
0x00007fff13620000 - 0x00007fff13639000 	C:\Program Files\Java\jdk-21\bin\jli.dll
0x00007fff1ce50000 - 0x00007fff1cf02000 	C:\WINDOWS\System32\ADVAPI32.dll
0x00007fff1e040000 - 0x00007fff1e0e7000 	C:\WINDOWS\System32\msvcrt.dll
0x00007fff1db90000 - 0x00007fff1dc37000 	C:\WINDOWS\System32\sechost.dll
0x00007fff1ce20000 - 0x00007fff1ce48000 	C:\WINDOWS\System32\bcrypt.dll
0x00007fff1d700000 - 0x00007fff1d814000 	C:\WINDOWS\System32\RPCRT4.dll
0x00007fff1dc40000 - 0x00007fff1ddee000 	C:\WINDOWS\System32\USER32.dll
0x00007fff1c9b0000 - 0x00007fff1c9d6000 	C:\WINDOWS\System32\win32u.dll
0x00007ffef2a00000 - 0x00007ffef2c92000 	C:\WINDOWS\WinSxS\amd64_microsoft.windows.common-controls_6595b64144ccf1df_6.0.22621.4391_none_2715d37f73803e96\COMCTL32.dll
0x00007fff1f040000 - 0x00007fff1f069000 	C:\WINDOWS\System32\GDI32.dll
0x00007fff1cbc0000 - 0x00007fff1ccdb000 	C:\WINDOWS\System32\gdi32full.dll
0x00007fff1c430000 - 0x00007fff1c4ca000 	C:\WINDOWS\System32\msvcp_win.dll
0x00007fff12200000 - 0x00007fff1220a000 	C:\WINDOWS\SYSTEM32\VERSION.dll
0x00007fff1d470000 - 0x00007fff1d4a1000 	C:\WINDOWS\System32\IMM32.DLL
0x00007fff13610000 - 0x00007fff1361c000 	C:\Program Files\Java\jdk-21\bin\vcruntime140_1.dll
0x00007ffeeb100000 - 0x00007ffeeb18e000 	C:\Program Files\Java\jdk-21\bin\msvcp140.dll
0x00007ffe786e0000 - 0x00007ffe793f8000 	C:\Program Files\Java\jdk-21\bin\server\jvm.dll
0x00007fff1cf10000 - 0x00007fff1cf81000 	C:\WINDOWS\System32\WS2_32.dll
0x00007fff135a0000 - 0x00007fff135d4000 	C:\WINDOWS\SYSTEM32\WINMM.dll
0x00007fff1c300000 - 0x00007fff1c34d000 	C:\WINDOWS\SYSTEM32\POWRPROF.dll
0x00007fff1c2e0000 - 0x00007fff1c2f3000 	C:\WINDOWS\SYSTEM32\UMPDC.dll
0x00007fff1b470000 - 0x00007fff1b488000 	C:\WINDOWS\SYSTEM32\kernel.appcore.dll
0x00007fff127c0000 - 0x00007fff127ca000 	C:\Program Files\Java\jdk-21\bin\jimage.dll
0x00007fff15fc0000 - 0x00007fff161f2000 	C:\WINDOWS\SYSTEM32\DBGHELP.DLL
0x00007fff1eb20000 - 0x00007fff1eeaf000 	C:\WINDOWS\System32\combase.dll
0x00007fff1d4b0000 - 0x00007fff1d587000 	C:\WINDOWS\System32\OLEAUT32.dll
0x00007fff125f0000 - 0x00007fff12622000 	C:\WINDOWS\SYSTEM32\dbgcore.DLL
0x00007fff1cce0000 - 0x00007fff1cd5b000 	C:\WINDOWS\System32\bcryptPrimitives.dll
0x00007fff11600000 - 0x00007fff1161f000 	C:\Program Files\Java\jdk-21\bin\java.dll
0x00007fff1e0f0000 - 0x00007fff1e966000 	C:\WINDOWS\System32\SHELL32.dll
0x00007fff1a370000 - 0x00007fff1ac73000 	C:\WINDOWS\SYSTEM32\windows.storage.dll
0x00007fff1a230000 - 0x00007fff1a36f000 	C:\WINDOWS\SYSTEM32\wintypes.dll
0x00007fff1eeb0000 - 0x00007fff1efa9000 	C:\WINDOWS\System32\SHCORE.dll
0x00007fff1efe0000 - 0x00007fff1f03e000 	C:\WINDOWS\System32\shlwapi.dll
0x00007fff1c360000 - 0x00007fff1c38b000 	C:\WINDOWS\SYSTEM32\profapi.dll
0x00007ffebb640000 - 0x00007ffebb717000 	C:\Program Files\Java\jdk-21\bin\jsvml.dll
0x00007fff115f0000 - 0x00007fff11600000 	C:\Program Files\Java\jdk-21\bin\net.dll
0x00007fff12d40000 - 0x00007fff12e76000 	C:\WINDOWS\SYSTEM32\WINHTTP.dll
0x00007fff1b8f0000 - 0x00007fff1b959000 	C:\WINDOWS\system32\mswsock.dll
0x00007fff115d0000 - 0x00007fff115e6000 	C:\Program Files\Java\jdk-21\bin\nio.dll
0x00007fff115b0000 - 0x00007fff115c8000 	C:\Program Files\Java\jdk-21\bin\zip.dll
0x00007ffeeb0d0000 - 0x00007ffeeb0f4000 	F:\Internship\springboot\Test\apache-maven-3.9.9\lib\jansi-native\Windows\x86_64\jansi.dll
0x00007fff115a0000 - 0x00007fff115b0000 	C:\Program Files\Java\jdk-21\bin\verify.dll

dbghelp: loaded successfully - version: 4.0.5 - missing functions: none
symbol engine: initialized successfully - sym options: 0x614 - pdb path: .;C:\Program Files\Java\jdk-21\bin;C:\WINDOWS\SYSTEM32;C:\WINDOWS\WinSxS\amd64_microsoft.windows.common-controls_6595b64144ccf1df_6.0.22621.4391_none_2715d37f73803e96;C:\Program Files\Java\jdk-21\bin\server;F:\Internship\springboot\Test\apache-maven-3.9.9\lib\jansi-native\Windows\x86_64

VM Arguments:
jvm_args: -Dclassworlds.conf=F:\Internship\springboot\Test\apache-maven-3.9.9\bin\m2.conf -Dmaven.home=F:\Internship\springboot\Test\apache-maven-3.9.9 -Dlibrary.jansi.path=F:\Internship\springboot\Test\apache-maven-3.9.9\lib\jansi-native -Dmaven.multiModuleProjectDirectory=F:\Internship\springboot\Test\SchoolManagement 
java_command: org.codehaus.plexus.classworlds.launcher.Launcher clean install
java_class_path (initial): F:\Internship\springboot\Test\apache-maven-3.9.9\boot\plexus-classworlds-2.8.0.jar
Launcher Type: SUN_STANDARD

[Global flags]
     intx CICompilerCount                          = 3                                         {product} {ergonomic}
     uint ConcGCThreads                            = 1                                         {product} {ergonomic}
     uint G1ConcRefinementThreads                  = 4                                         {product} {ergonomic}
   size_t G1HeapRegionSize                         = 1048576                                   {product} {ergonomic}
    uintx GCDrainStackTargetSize                   = 64                                        {product} {ergonomic}
   size_t InitialHeapSize                          = 65011712                                  {product} {ergonomic}
   size_t MarkStackSize                            = 4194304                                   {product} {ergonomic}
   size_t MaxHeapSize                              = 1017118720                                {product} {ergonomic}
   size_t MaxNewSize                               = 610271232                                 {product} {ergonomic}
   size_t MinHeapDeltaBytes                        = 1048576                                   {product} {ergonomic}
   size_t MinHeapSize                              = 8388608                                   {product} {ergonomic}
    uintx NonNMethodCodeHeapSize                   = 5832780                                {pd product} {ergonomic}
    uintx NonProfiledCodeHeapSize                  = 122912730                              {pd product} {ergonomic}
    uintx ProfiledCodeHeapSize                     = 122912730                              {pd product} {ergonomic}
    uintx ReservedCodeCacheSize                    = 251658240                              {pd product} {ergonomic}
     bool SegmentedCodeCache                       = true                                      {product} {ergonomic}
   size_t SoftMaxHeapSize                          = 1017118720                             {manageable} {ergonomic}
     bool UseCompressedOops                        = true                           {product lp64_product} {ergonomic}
     bool UseG1GC                                  = true                                      {product} {ergonomic}
     bool UseLargePagesIndividualAllocation        = false                                  {pd product} {ergonomic}

Logging:
Log output configuration:
 #0: stdout all=warning uptime,level,tags foldmultilines=false
 #1: stderr all=off uptime,level,tags foldmultilines=false

Environment Variables:
JAVA_HOME=C:\Program Files\Java\jdk-21
PATH=D:\oracle\product\10.2.0\db_3\bin;F:\oracle\product\10.2.0\db_1\bin;C:\Program Files\Common Files\Oracle\Java\javapath;C:\WINDOWS\system32;C:\WINDOWS;C:\WINDOWS\System32\Wbem;C:\WINDOWS\System32\WindowsPowerShell\v1.0\;C:\WINDOWS\System32\OpenSSH\;C:\Program Files\Microsoft SQL Server\Client SDK\ODBC\170\Tools\Binn\;C:\Program Files (x86)\Microsoft SQL Server\150\Tools\Binn\;C:\Program Files\Microsoft SQL Server\150\Tools\Binn\;C:\Program Files\Microsoft SQL Server\150\DTS\Binn\;E:\React\;C:\Program Files\Git\cmd;F:\Internship\springboot\Test\apache-maven-3.9.9\bin;C:\Program Files\Java\jdk-21\bin;C:\Program Files\Java\jdk-21;C:\Users\JANARTHANAN\AppData\Local\Microsoft\WindowsApps;C:\Program Files\Java\jdk-21\BIN;C:\Users\JANARTHANAN\AppData\Local\Programs\Microsoft VS Code\bin;E:\python project\PyCharm Community Edition 2022.2.4\bin;;C:\Users\JANARTHANAN\Downloads\apache-maven-3.9.4\bin;C:\Users\JANARTHANAN\AppData\Roaming\npm
USERNAME=JANARTHANAN
OS=Windows_NT
PROCESSOR_IDENTIFIER=Intel64 Family 6 Model 126 Stepping 5, GenuineIntel
TMP=C:\Users\JANART~1\AppData\Local\Temp
TEMP=C:\Users\JANART~1\AppData\Local\Temp




Periodic native trim disabled

---------------  S Y S T E M  ---------------

OS:
 Windows 11 , 64 bit Build 22621 (10.0.22621.4391)
OS uptime: 28 days 1:34 hours

CPU: total 4 (initial active 4) (2 cores per cpu, 2 threads per core) family 6 model 126 stepping 5 microcode 0xa6, cx8, cmov, fxsr, ht, mmx, 3dnowpref, sse, sse2, sse3, ssse3, sse4.1, sse4.2, popcnt, lzcnt, tsc, tscinvbit, avx, avx2, aes, erms, clmul, bmi1, bmi2, adx, avx512f, avx512dq, avx512cd, avx512bw, avx512vl, sha, fma, vzeroupper, avx512_vpopcntdq, avx512_vpclmulqdq, avx512_vaes, avx512_vnni, clflush, clflushopt, avx512_vbmi2, avx512_vbmi, rdtscp, rdpid, fsrm, gfni, avx512_bitalg, f16c, pku, avx512_ifma
Processor Information for all 4 processors :
  Max Mhz: 1190, Current Mhz: 1190, Mhz Limit: 1190

Memory: 4k page, system-wide physical 3877M (308M free)
TotalPageFile size 15653M (AvailPageFile size 4M)
current process WorkingSet (physical memory assigned to process): 131M, peak: 131M
current process commit charge ("private bytes"): 179M, peak: 180M

vm_info: Java HotSpot(TM) 64-Bit Server VM (21.0.5+9-LTS-239) for windows-amd64 JRE (21.0.5+9-LTS-239), built on 2024-09-30T05:17:38Z by "mach5one" with MS VC++ 17.6 (VS2022)

END.
